CRITICAL - 2025-04-18 00:55:32 --> syntax error, unexpected token "}", expecting ";"
in APPPATH\Controllers\Auth.php on line 50.
 1 SYSTEMPATH\Router\Router.php(499): CodeIgniter\Router\AutoRouter->getRoute('Auth/Login')
 2 SYSTEMPATH\Router\Router.php(205): CodeIgniter\Router\Router->autoRoute('Auth/Login')
 3 SYSTEMPATH\CodeIgniter.php(777): CodeIgniter\Router\Router->handle('Auth/Login')
 4 SYSTEMPATH\CodeIgniter.php(406): CodeIgniter\CodeIgniter->tryToRouteIt(Object(CodeIgniter\Router\RouteCollection))
 5 SYSTEMPATH\CodeIgniter.php(340): CodeIgniter\CodeIgniter->handleRequest(null, Object(Config\Cache), false)
 6 FCPATH\index.php(67): CodeIgniter\CodeIgniter->run()
CRITICAL - 2025-04-18 00:57:51 --> syntax error, unexpected token "}", expecting ";"
in APPPATH\Controllers\Auth.php on line 50.
 1 SYSTEMPATH\Router\Router.php(499): CodeIgniter\Router\AutoRouter->getRoute('Auth/Login')
 2 SYSTEMPATH\Router\Router.php(205): CodeIgniter\Router\Router->autoRoute('Auth/Login')
 3 SYSTEMPATH\CodeIgniter.php(777): CodeIgniter\Router\Router->handle('Auth/Login')
 4 SYSTEMPATH\CodeIgniter.php(406): CodeIgniter\CodeIgniter->tryToRouteIt(Object(CodeIgniter\Router\RouteCollection))
 5 SYSTEMPATH\CodeIgniter.php(340): CodeIgniter\CodeIgniter->handleRequest(null, Object(Config\Cache), false)
 6 FCPATH\index.php(67): CodeIgniter\CodeIgniter->run()
ERROR - 2025-04-18 01:39:14 --> mysqli_sql_exception: You have an error in your SQL syntax; check the manual that corresponds to your MariaDB server version for the right syntax to use near ' $email
AND password, $password' at line 3 in C:\xampp\htdocs\gis-sekolah-ci4\system\Database\MySQLi\Connection.php:292
Stack trace:
#0 C:\xampp\htdocs\gis-sekolah-ci4\system\Database\MySQLi\Connection.php(292): mysqli->query('SELECT *\nFROM `...', 0)
#1 C:\xampp\htdocs\gis-sekolah-ci4\system\Database\BaseConnection.php(693): CodeIgniter\Database\MySQLi\Connection->execute('SELECT *\nFROM `...')
#2 C:\xampp\htdocs\gis-sekolah-ci4\system\Database\BaseConnection.php(620): CodeIgniter\Database\BaseConnection->simpleQuery('SELECT *\nFROM `...')
#3 C:\xampp\htdocs\gis-sekolah-ci4\system\Database\BaseBuilder.php(1585): CodeIgniter\Database\BaseConnection->query('SELECT *\nFROM `...', Array, false)
#4 C:\xampp\htdocs\gis-sekolah-ci4\app\Models\ModelAuth.php(14): CodeIgniter\Database\BaseBuilder->get()
#5 C:\xampp\htdocs\gis-sekolah-ci4\app\Controllers\Auth.php(44): App\Models\ModelAuth->Login('admin@gmail.com', 'ww2')
#6 C:\xampp\htdocs\gis-sekolah-ci4\system\CodeIgniter.php(902): App\Controllers\Auth->CekLogin()
#7 C:\xampp\htdocs\gis-sekolah-ci4\system\CodeIgniter.php(457): CodeIgniter\CodeIgniter->runController(Object(App\Controllers\Auth))
#8 C:\xampp\htdocs\gis-sekolah-ci4\system\CodeIgniter.php(340): CodeIgniter\CodeIgniter->handleRequest(NULL, Object(Config\Cache), false)
#9 C:\xampp\htdocs\gis-sekolah-ci4\public\index.php(67): CodeIgniter\CodeIgniter->run()
#10 {main}
CRITICAL - 2025-04-18 01:39:14 --> Call to a member function getRowArray() on bool
in APPPATH\Models\ModelAuth.php on line 14.
 1 APPPATH\Controllers\Auth.php(44): App\Models\ModelAuth->Login('admin@gmail.com', 'ww2')
 2 SYSTEMPATH\CodeIgniter.php(902): App\Controllers\Auth->CekLogin()
 3 SYSTEMPATH\CodeIgniter.php(457): CodeIgniter\CodeIgniter->runController(Object(App\Controllers\Auth))
 4 SYSTEMPATH\CodeIgniter.php(340): CodeIgniter\CodeIgniter->handleRequest(null, Object(Config\Cache), false)
 5 FCPATH\index.php(67): CodeIgniter\CodeIgniter->run()
ERROR - 2025-04-18 01:39:14 --> mysqli_sql_exception: You have an error in your SQL syntax; check the manual that corresponds to your MariaDB server version for the right syntax to use near ' $email
AND password, $password' at line 3 in C:\xampp\htdocs\gis-sekolah-ci4\system\Database\MySQLi\Connection.php:292
Stack trace:
#0 C:\xampp\htdocs\gis-sekolah-ci4\system\Database\MySQLi\Connection.php(292): mysqli->query('SELECT *\nFROM `...', 0)
#1 C:\xampp\htdocs\gis-sekolah-ci4\system\Database\BaseConnection.php(693): CodeIgniter\Database\MySQLi\Connection->execute('SELECT *\nFROM `...')
#2 C:\xampp\htdocs\gis-sekolah-ci4\system\Database\BaseConnection.php(620): CodeIgniter\Database\BaseConnection->simpleQuery('SELECT *\nFROM `...')
#3 C:\xampp\htdocs\gis-sekolah-ci4\system\Database\BaseBuilder.php(1585): CodeIgniter\Database\BaseConnection->query('SELECT *\nFROM `...', Array, false)
#4 C:\xampp\htdocs\gis-sekolah-ci4\app\Models\ModelAuth.php(14): CodeIgniter\Database\BaseBuilder->get()
#5 C:\xampp\htdocs\gis-sekolah-ci4\app\Controllers\Auth.php(44): App\Models\ModelAuth->Login('admin@gmail.com', 'ww2')
#6 C:\xampp\htdocs\gis-sekolah-ci4\system\CodeIgniter.php(902): App\Controllers\Auth->CekLogin()
#7 C:\xampp\htdocs\gis-sekolah-ci4\system\CodeIgniter.php(457): CodeIgniter\CodeIgniter->runController(Object(App\Controllers\Auth))
#8 C:\xampp\htdocs\gis-sekolah-ci4\system\CodeIgniter.php(340): CodeIgniter\CodeIgniter->handleRequest(NULL, Object(Config\Cache), false)
#9 C:\xampp\htdocs\gis-sekolah-ci4\public\index.php(67): CodeIgniter\CodeIgniter->run()
#10 {main}
CRITICAL - 2025-04-18 01:39:14 --> Call to a member function getRowArray() on bool
in APPPATH\Models\ModelAuth.php on line 14.
 1 APPPATH\Controllers\Auth.php(44): App\Models\ModelAuth->Login('admin@gmail.com', 'ww2')
 2 SYSTEMPATH\CodeIgniter.php(902): App\Controllers\Auth->CekLogin()
 3 SYSTEMPATH\CodeIgniter.php(457): CodeIgniter\CodeIgniter->runController(Object(App\Controllers\Auth))
 4 SYSTEMPATH\CodeIgniter.php(340): CodeIgniter\CodeIgniter->handleRequest(null, Object(Config\Cache), false)
 5 FCPATH\index.php(67): CodeIgniter\CodeIgniter->run()
ERROR - 2025-04-18 01:39:19 --> mysqli_sql_exception: You have an error in your SQL syntax; check the manual that corresponds to your MariaDB server version for the right syntax to use near ' $email
AND password, $password' at line 3 in C:\xampp\htdocs\gis-sekolah-ci4\system\Database\MySQLi\Connection.php:292
Stack trace:
#0 C:\xampp\htdocs\gis-sekolah-ci4\system\Database\MySQLi\Connection.php(292): mysqli->query('SELECT *\nFROM `...', 0)
#1 C:\xampp\htdocs\gis-sekolah-ci4\system\Database\BaseConnection.php(693): CodeIgniter\Database\MySQLi\Connection->execute('SELECT *\nFROM `...')
#2 C:\xampp\htdocs\gis-sekolah-ci4\system\Database\BaseConnection.php(620): CodeIgniter\Database\BaseConnection->simpleQuery('SELECT *\nFROM `...')
#3 C:\xampp\htdocs\gis-sekolah-ci4\system\Database\BaseBuilder.php(1585): CodeIgniter\Database\BaseConnection->query('SELECT *\nFROM `...', Array, false)
#4 C:\xampp\htdocs\gis-sekolah-ci4\app\Models\ModelAuth.php(14): CodeIgniter\Database\BaseBuilder->get()
#5 C:\xampp\htdocs\gis-sekolah-ci4\app\Controllers\Auth.php(44): App\Models\ModelAuth->Login('admin@gmail.com', '212121')
#6 C:\xampp\htdocs\gis-sekolah-ci4\system\CodeIgniter.php(902): App\Controllers\Auth->CekLogin()
#7 C:\xampp\htdocs\gis-sekolah-ci4\system\CodeIgniter.php(457): CodeIgniter\CodeIgniter->runController(Object(App\Controllers\Auth))
#8 C:\xampp\htdocs\gis-sekolah-ci4\system\CodeIgniter.php(340): CodeIgniter\CodeIgniter->handleRequest(NULL, Object(Config\Cache), false)
#9 C:\xampp\htdocs\gis-sekolah-ci4\public\index.php(67): CodeIgniter\CodeIgniter->run()
#10 {main}
CRITICAL - 2025-04-18 01:39:19 --> Call to a member function getRowArray() on bool
in APPPATH\Models\ModelAuth.php on line 14.
 1 APPPATH\Controllers\Auth.php(44): App\Models\ModelAuth->Login('admin@gmail.com', '212121')
 2 SYSTEMPATH\CodeIgniter.php(902): App\Controllers\Auth->CekLogin()
 3 SYSTEMPATH\CodeIgniter.php(457): CodeIgniter\CodeIgniter->runController(Object(App\Controllers\Auth))
 4 SYSTEMPATH\CodeIgniter.php(340): CodeIgniter\CodeIgniter->handleRequest(null, Object(Config\Cache), false)
 5 FCPATH\index.php(67): CodeIgniter\CodeIgniter->run()
ERROR - 2025-04-18 01:42:12 --> mysqli_sql_exception: You have an error in your SQL syntax; check the manual that corresponds to your MariaDB server version for the right syntax to use near ' $email
AND password, $password' at line 3 in C:\xampp\htdocs\gis-sekolah-ci4\system\Database\MySQLi\Connection.php:292
Stack trace:
#0 C:\xampp\htdocs\gis-sekolah-ci4\system\Database\MySQLi\Connection.php(292): mysqli->query('SELECT *\nFROM `...', 0)
#1 C:\xampp\htdocs\gis-sekolah-ci4\system\Database\BaseConnection.php(693): CodeIgniter\Database\MySQLi\Connection->execute('SELECT *\nFROM `...')
#2 C:\xampp\htdocs\gis-sekolah-ci4\system\Database\BaseConnection.php(620): CodeIgniter\Database\BaseConnection->simpleQuery('SELECT *\nFROM `...')
#3 C:\xampp\htdocs\gis-sekolah-ci4\system\Database\BaseBuilder.php(1585): CodeIgniter\Database\BaseConnection->query('SELECT *\nFROM `...', Array, false)
#4 C:\xampp\htdocs\gis-sekolah-ci4\app\Models\ModelAuth.php(14): CodeIgniter\Database\BaseBuilder->get()
#5 C:\xampp\htdocs\gis-sekolah-ci4\app\Controllers\Auth.php(44): App\Models\ModelAuth->Login('admin@gmail.com', 'dadaaaa')
#6 C:\xampp\htdocs\gis-sekolah-ci4\system\CodeIgniter.php(902): App\Controllers\Auth->CekLogin()
#7 C:\xampp\htdocs\gis-sekolah-ci4\system\CodeIgniter.php(457): CodeIgniter\CodeIgniter->runController(Object(App\Controllers\Auth))
#8 C:\xampp\htdocs\gis-sekolah-ci4\system\CodeIgniter.php(340): CodeIgniter\CodeIgniter->handleRequest(NULL, Object(Config\Cache), false)
#9 C:\xampp\htdocs\gis-sekolah-ci4\public\index.php(67): CodeIgniter\CodeIgniter->run()
#10 {main}
CRITICAL - 2025-04-18 01:42:12 --> Call to a member function getRowArray() on bool
in APPPATH\Models\ModelAuth.php on line 14.
 1 APPPATH\Controllers\Auth.php(44): App\Models\ModelAuth->Login('admin@gmail.com', 'dadaaaa')
 2 SYSTEMPATH\CodeIgniter.php(902): App\Controllers\Auth->CekLogin()
 3 SYSTEMPATH\CodeIgniter.php(457): CodeIgniter\CodeIgniter->runController(Object(App\Controllers\Auth))
 4 SYSTEMPATH\CodeIgniter.php(340): CodeIgniter\CodeIgniter->handleRequest(null, Object(Config\Cache), false)
 5 FCPATH\index.php(67): CodeIgniter\CodeIgniter->run()
ERROR - 2025-04-18 01:45:26 --> mysqli_sql_exception: You have an error in your SQL syntax; check the manual that corresponds to your MariaDB server version for the right syntax to use near ' $email
AND password, $password' at line 3 in C:\xampp\htdocs\gis-sekolah-ci4\system\Database\MySQLi\Connection.php:292
Stack trace:
#0 C:\xampp\htdocs\gis-sekolah-ci4\system\Database\MySQLi\Connection.php(292): mysqli->query('SELECT *\nFROM `...', 0)
#1 C:\xampp\htdocs\gis-sekolah-ci4\system\Database\BaseConnection.php(693): CodeIgniter\Database\MySQLi\Connection->execute('SELECT *\nFROM `...')
#2 C:\xampp\htdocs\gis-sekolah-ci4\system\Database\BaseConnection.php(620): CodeIgniter\Database\BaseConnection->simpleQuery('SELECT *\nFROM `...')
#3 C:\xampp\htdocs\gis-sekolah-ci4\system\Database\BaseBuilder.php(1585): CodeIgniter\Database\BaseConnection->query('SELECT *\nFROM `...', Array, false)
#4 C:\xampp\htdocs\gis-sekolah-ci4\app\Models\ModelAuth.php(14): CodeIgniter\Database\BaseBuilder->get()
#5 C:\xampp\htdocs\gis-sekolah-ci4\app\Controllers\Auth.php(44): App\Models\ModelAuth->Login('eko@gmail.com', 'sa jabdjak')
#6 C:\xampp\htdocs\gis-sekolah-ci4\system\CodeIgniter.php(902): App\Controllers\Auth->CekLogin()
#7 C:\xampp\htdocs\gis-sekolah-ci4\system\CodeIgniter.php(457): CodeIgniter\CodeIgniter->runController(Object(App\Controllers\Auth))
#8 C:\xampp\htdocs\gis-sekolah-ci4\system\CodeIgniter.php(340): CodeIgniter\CodeIgniter->handleRequest(NULL, Object(Config\Cache), false)
#9 C:\xampp\htdocs\gis-sekolah-ci4\public\index.php(67): CodeIgniter\CodeIgniter->run()
#10 {main}
CRITICAL - 2025-04-18 01:45:26 --> Call to a member function getRowArray() on bool
in APPPATH\Models\ModelAuth.php on line 14.
 1 APPPATH\Controllers\Auth.php(44): App\Models\ModelAuth->Login('eko@gmail.com', 'sa jabdjak')
 2 SYSTEMPATH\CodeIgniter.php(902): App\Controllers\Auth->CekLogin()
 3 SYSTEMPATH\CodeIgniter.php(457): CodeIgniter\CodeIgniter->runController(Object(App\Controllers\Auth))
 4 SYSTEMPATH\CodeIgniter.php(340): CodeIgniter\CodeIgniter->handleRequest(null, Object(Config\Cache), false)
 5 FCPATH\index.php(67): CodeIgniter\CodeIgniter->run()
ERROR - 2025-04-18 01:48:57 --> mysqli_sql_exception: You have an error in your SQL syntax; check the manual that corresponds to your MariaDB server version for the right syntax to use near ' $email
AND password, $password' at line 3 in C:\xampp\htdocs\gis-sekolah-ci4\system\Database\MySQLi\Connection.php:292
Stack trace:
#0 C:\xampp\htdocs\gis-sekolah-ci4\system\Database\MySQLi\Connection.php(292): mysqli->query('SELECT *\nFROM `...', 0)
#1 C:\xampp\htdocs\gis-sekolah-ci4\system\Database\BaseConnection.php(693): CodeIgniter\Database\MySQLi\Connection->execute('SELECT *\nFROM `...')
#2 C:\xampp\htdocs\gis-sekolah-ci4\system\Database\BaseConnection.php(620): CodeIgniter\Database\BaseConnection->simpleQuery('SELECT *\nFROM `...')
#3 C:\xampp\htdocs\gis-sekolah-ci4\system\Database\BaseBuilder.php(1585): CodeIgniter\Database\BaseConnection->query('SELECT *\nFROM `...', Array, false)
#4 C:\xampp\htdocs\gis-sekolah-ci4\app\Models\ModelAuth.php(14): CodeIgniter\Database\BaseBuilder->get()
#5 C:\xampp\htdocs\gis-sekolah-ci4\app\Controllers\Auth.php(44): App\Models\ModelAuth->Login('eko@gmail.com', 'dadadad')
#6 C:\xampp\htdocs\gis-sekolah-ci4\system\CodeIgniter.php(902): App\Controllers\Auth->CekLogin()
#7 C:\xampp\htdocs\gis-sekolah-ci4\system\CodeIgniter.php(457): CodeIgniter\CodeIgniter->runController(Object(App\Controllers\Auth))
#8 C:\xampp\htdocs\gis-sekolah-ci4\system\CodeIgniter.php(340): CodeIgniter\CodeIgniter->handleRequest(NULL, Object(Config\Cache), false)
#9 C:\xampp\htdocs\gis-sekolah-ci4\public\index.php(67): CodeIgniter\CodeIgniter->run()
#10 {main}
CRITICAL - 2025-04-18 01:48:57 --> Call to a member function getRowArray() on bool
in APPPATH\Models\ModelAuth.php on line 14.
 1 APPPATH\Controllers\Auth.php(44): App\Models\ModelAuth->Login('eko@gmail.com', 'dadadad')
 2 SYSTEMPATH\CodeIgniter.php(902): App\Controllers\Auth->CekLogin()
 3 SYSTEMPATH\CodeIgniter.php(457): CodeIgniter\CodeIgniter->runController(Object(App\Controllers\Auth))
 4 SYSTEMPATH\CodeIgniter.php(340): CodeIgniter\CodeIgniter->handleRequest(null, Object(Config\Cache), false)
 5 FCPATH\index.php(67): CodeIgniter\CodeIgniter->run()
ERROR - 2025-04-18 01:50:42 --> mysqli_sql_exception: You have an error in your SQL syntax; check the manual that corresponds to your MariaDB server version for the right syntax to use near ' $email
AND password, $password' at line 3 in C:\xampp\htdocs\gis-sekolah-ci4\system\Database\MySQLi\Connection.php:292
Stack trace:
#0 C:\xampp\htdocs\gis-sekolah-ci4\system\Database\MySQLi\Connection.php(292): mysqli->query('SELECT *\nFROM `...', 0)
#1 C:\xampp\htdocs\gis-sekolah-ci4\system\Database\BaseConnection.php(693): CodeIgniter\Database\MySQLi\Connection->execute('SELECT *\nFROM `...')
#2 C:\xampp\htdocs\gis-sekolah-ci4\system\Database\BaseConnection.php(620): CodeIgniter\Database\BaseConnection->simpleQuery('SELECT *\nFROM `...')
#3 C:\xampp\htdocs\gis-sekolah-ci4\system\Database\BaseBuilder.php(1585): CodeIgniter\Database\BaseConnection->query('SELECT *\nFROM `...', Array, false)
#4 C:\xampp\htdocs\gis-sekolah-ci4\app\Models\ModelAuth.php(14): CodeIgniter\Database\BaseBuilder->get()
#5 C:\xampp\htdocs\gis-sekolah-ci4\app\Controllers\Auth.php(44): App\Models\ModelAuth->Login('eko@gmail.com', 'asasas')
#6 C:\xampp\htdocs\gis-sekolah-ci4\system\CodeIgniter.php(902): App\Controllers\Auth->CekLogin()
#7 C:\xampp\htdocs\gis-sekolah-ci4\system\CodeIgniter.php(457): CodeIgniter\CodeIgniter->runController(Object(App\Controllers\Auth))
#8 C:\xampp\htdocs\gis-sekolah-ci4\system\CodeIgniter.php(340): CodeIgniter\CodeIgniter->handleRequest(NULL, Object(Config\Cache), false)
#9 C:\xampp\htdocs\gis-sekolah-ci4\public\index.php(67): CodeIgniter\CodeIgniter->run()
#10 {main}
CRITICAL - 2025-04-18 01:50:42 --> Call to a member function getRowArray() on bool
in APPPATH\Models\ModelAuth.php on line 14.
 1 APPPATH\Controllers\Auth.php(44): App\Models\ModelAuth->Login('eko@gmail.com', 'asasas')
 2 SYSTEMPATH\CodeIgniter.php(902): App\Controllers\Auth->CekLogin()
 3 SYSTEMPATH\CodeIgniter.php(457): CodeIgniter\CodeIgniter->runController(Object(App\Controllers\Auth))
 4 SYSTEMPATH\CodeIgniter.php(340): CodeIgniter\CodeIgniter->handleRequest(null, Object(Config\Cache), false)
 5 FCPATH\index.php(67): CodeIgniter\CodeIgniter->run()
ERROR - 2025-04-18 01:59:09 --> mysqli_sql_exception: You have an error in your SQL syntax; check the manual that corresponds to your MariaDB server version for the right syntax to use near ' $email
AND password, $password' at line 3 in C:\xampp\htdocs\gis-sekolah-ci4\system\Database\MySQLi\Connection.php:292
Stack trace:
#0 C:\xampp\htdocs\gis-sekolah-ci4\system\Database\MySQLi\Connection.php(292): mysqli->query('SELECT *\nFROM `...', 0)
#1 C:\xampp\htdocs\gis-sekolah-ci4\system\Database\BaseConnection.php(693): CodeIgniter\Database\MySQLi\Connection->execute('SELECT *\nFROM `...')
#2 C:\xampp\htdocs\gis-sekolah-ci4\system\Database\BaseConnection.php(620): CodeIgniter\Database\BaseConnection->simpleQuery('SELECT *\nFROM `...')
#3 C:\xampp\htdocs\gis-sekolah-ci4\system\Database\BaseBuilder.php(1585): CodeIgniter\Database\BaseConnection->query('SELECT *\nFROM `...', Array, false)
#4 C:\xampp\htdocs\gis-sekolah-ci4\app\Models\ModelAuth.php(14): CodeIgniter\Database\BaseBuilder->get()
#5 C:\xampp\htdocs\gis-sekolah-ci4\app\Controllers\Auth.php(44): App\Models\ModelAuth->Login('eko@gmail.com', 'sasasasa')
#6 C:\xampp\htdocs\gis-sekolah-ci4\system\CodeIgniter.php(902): App\Controllers\Auth->CekLogin()
#7 C:\xampp\htdocs\gis-sekolah-ci4\system\CodeIgniter.php(457): CodeIgniter\CodeIgniter->runController(Object(App\Controllers\Auth))
#8 C:\xampp\htdocs\gis-sekolah-ci4\system\CodeIgniter.php(340): CodeIgniter\CodeIgniter->handleRequest(NULL, Object(Config\Cache), false)
#9 C:\xampp\htdocs\gis-sekolah-ci4\public\index.php(67): CodeIgniter\CodeIgniter->run()
#10 {main}
CRITICAL - 2025-04-18 01:59:09 --> Call to a member function getRowArray() on bool
in APPPATH\Models\ModelAuth.php on line 14.
 1 APPPATH\Controllers\Auth.php(44): App\Models\ModelAuth->Login('eko@gmail.com', 'sasasasa')
 2 SYSTEMPATH\CodeIgniter.php(902): App\Controllers\Auth->CekLogin()
 3 SYSTEMPATH\CodeIgniter.php(457): CodeIgniter\CodeIgniter->runController(Object(App\Controllers\Auth))
 4 SYSTEMPATH\CodeIgniter.php(340): CodeIgniter\CodeIgniter->handleRequest(null, Object(Config\Cache), false)
 5 FCPATH\index.php(67): CodeIgniter\CodeIgniter->run()
ERROR - 2025-04-18 02:02:18 --> mysqli_sql_exception: You have an error in your SQL syntax; check the manual that corresponds to your MariaDB server version for the right syntax to use near ' $email
AND password, $password' at line 3 in C:\xampp\htdocs\gis-sekolah-ci4\system\Database\MySQLi\Connection.php:292
Stack trace:
#0 C:\xampp\htdocs\gis-sekolah-ci4\system\Database\MySQLi\Connection.php(292): mysqli->query('SELECT *\nFROM `...', 0)
#1 C:\xampp\htdocs\gis-sekolah-ci4\system\Database\BaseConnection.php(693): CodeIgniter\Database\MySQLi\Connection->execute('SELECT *\nFROM `...')
#2 C:\xampp\htdocs\gis-sekolah-ci4\system\Database\BaseConnection.php(620): CodeIgniter\Database\BaseConnection->simpleQuery('SELECT *\nFROM `...')
#3 C:\xampp\htdocs\gis-sekolah-ci4\system\Database\BaseBuilder.php(1585): CodeIgniter\Database\BaseConnection->query('SELECT *\nFROM `...', Array, false)
#4 C:\xampp\htdocs\gis-sekolah-ci4\app\Models\ModelAuth.php(14): CodeIgniter\Database\BaseBuilder->get()
#5 C:\xampp\htdocs\gis-sekolah-ci4\app\Controllers\Auth.php(44): App\Models\ModelAuth->Login('eko@gmail.com', 'sssssss')
#6 C:\xampp\htdocs\gis-sekolah-ci4\system\CodeIgniter.php(902): App\Controllers\Auth->CekLogin()
#7 C:\xampp\htdocs\gis-sekolah-ci4\system\CodeIgniter.php(457): CodeIgniter\CodeIgniter->runController(Object(App\Controllers\Auth))
#8 C:\xampp\htdocs\gis-sekolah-ci4\system\CodeIgniter.php(340): CodeIgniter\CodeIgniter->handleRequest(NULL, Object(Config\Cache), false)
#9 C:\xampp\htdocs\gis-sekolah-ci4\public\index.php(67): CodeIgniter\CodeIgniter->run()
#10 {main}
CRITICAL - 2025-04-18 02:02:18 --> Call to a member function getRowArray() on bool
in APPPATH\Models\ModelAuth.php on line 14.
 1 APPPATH\Controllers\Auth.php(44): App\Models\ModelAuth->Login('eko@gmail.com', 'sssssss')
 2 SYSTEMPATH\CodeIgniter.php(902): App\Controllers\Auth->CekLogin()
 3 SYSTEMPATH\CodeIgniter.php(457): CodeIgniter\CodeIgniter->runController(Object(App\Controllers\Auth))
 4 SYSTEMPATH\CodeIgniter.php(340): CodeIgniter\CodeIgniter->handleRequest(null, Object(Config\Cache), false)
 5 FCPATH\index.php(67): CodeIgniter\CodeIgniter->run()
ERROR - 2025-04-18 02:03:53 --> mysqli_sql_exception: You have an error in your SQL syntax; check the manual that corresponds to your MariaDB server version for the right syntax to use near ' $email
AND password, $password' at line 3 in C:\xampp\htdocs\gis-sekolah-ci4\system\Database\MySQLi\Connection.php:292
Stack trace:
#0 C:\xampp\htdocs\gis-sekolah-ci4\system\Database\MySQLi\Connection.php(292): mysqli->query('SELECT *\nFROM `...', 0)
#1 C:\xampp\htdocs\gis-sekolah-ci4\system\Database\BaseConnection.php(693): CodeIgniter\Database\MySQLi\Connection->execute('SELECT *\nFROM `...')
#2 C:\xampp\htdocs\gis-sekolah-ci4\system\Database\BaseConnection.php(620): CodeIgniter\Database\BaseConnection->simpleQuery('SELECT *\nFROM `...')
#3 C:\xampp\htdocs\gis-sekolah-ci4\system\Database\BaseBuilder.php(1585): CodeIgniter\Database\BaseConnection->query('SELECT *\nFROM `...', Array, false)
#4 C:\xampp\htdocs\gis-sekolah-ci4\app\Models\ModelAuth.php(14): CodeIgniter\Database\BaseBuilder->get()
#5 C:\xampp\htdocs\gis-sekolah-ci4\app\Controllers\Auth.php(44): App\Models\ModelAuth->Login('eko@gmail.com', 'cacsacsa')
#6 C:\xampp\htdocs\gis-sekolah-ci4\system\CodeIgniter.php(902): App\Controllers\Auth->CekLogin()
#7 C:\xampp\htdocs\gis-sekolah-ci4\system\CodeIgniter.php(457): CodeIgniter\CodeIgniter->runController(Object(App\Controllers\Auth))
#8 C:\xampp\htdocs\gis-sekolah-ci4\system\CodeIgniter.php(340): CodeIgniter\CodeIgniter->handleRequest(NULL, Object(Config\Cache), false)
#9 C:\xampp\htdocs\gis-sekolah-ci4\public\index.php(67): CodeIgniter\CodeIgniter->run()
#10 {main}
CRITICAL - 2025-04-18 02:03:53 --> Call to a member function getRowArray() on bool
in APPPATH\Models\ModelAuth.php on line 14.
 1 APPPATH\Controllers\Auth.php(44): App\Models\ModelAuth->Login('eko@gmail.com', 'cacsacsa')
 2 SYSTEMPATH\CodeIgniter.php(902): App\Controllers\Auth->CekLogin()
 3 SYSTEMPATH\CodeIgniter.php(457): CodeIgniter\CodeIgniter->runController(Object(App\Controllers\Auth))
 4 SYSTEMPATH\CodeIgniter.php(340): CodeIgniter\CodeIgniter->handleRequest(null, Object(Config\Cache), false)
 5 FCPATH\index.php(67): CodeIgniter\CodeIgniter->run()
ERROR - 2025-04-18 02:13:29 --> mysqli_sql_exception: You have an error in your SQL syntax; check the manual that corresponds to your MariaDB server version for the right syntax to use near ' $email
AND password, $password' at line 3 in C:\xampp\htdocs\gis-sekolah-ci4\system\Database\MySQLi\Connection.php:292
Stack trace:
#0 C:\xampp\htdocs\gis-sekolah-ci4\system\Database\MySQLi\Connection.php(292): mysqli->query('SELECT *\nFROM `...', 0)
#1 C:\xampp\htdocs\gis-sekolah-ci4\system\Database\BaseConnection.php(693): CodeIgniter\Database\MySQLi\Connection->execute('SELECT *\nFROM `...')
#2 C:\xampp\htdocs\gis-sekolah-ci4\system\Database\BaseConnection.php(620): CodeIgniter\Database\BaseConnection->simpleQuery('SELECT *\nFROM `...')
#3 C:\xampp\htdocs\gis-sekolah-ci4\system\Database\BaseBuilder.php(1585): CodeIgniter\Database\BaseConnection->query('SELECT *\nFROM `...', Array, false)
#4 C:\xampp\htdocs\gis-sekolah-ci4\app\Models\ModelAuth.php(14): CodeIgniter\Database\BaseBuilder->get()
#5 C:\xampp\htdocs\gis-sekolah-ci4\app\Controllers\Auth.php(44): App\Models\ModelAuth->Login('eko@gmail.com', 'dsadsadsas')
#6 C:\xampp\htdocs\gis-sekolah-ci4\system\CodeIgniter.php(902): App\Controllers\Auth->CekLogin()
#7 C:\xampp\htdocs\gis-sekolah-ci4\system\CodeIgniter.php(457): CodeIgniter\CodeIgniter->runController(Object(App\Controllers\Auth))
#8 C:\xampp\htdocs\gis-sekolah-ci4\system\CodeIgniter.php(340): CodeIgniter\CodeIgniter->handleRequest(NULL, Object(Config\Cache), false)
#9 C:\xampp\htdocs\gis-sekolah-ci4\public\index.php(67): CodeIgniter\CodeIgniter->run()
#10 {main}
CRITICAL - 2025-04-18 02:13:29 --> Call to a member function getRowArray() on bool
in APPPATH\Models\ModelAuth.php on line 14.
 1 APPPATH\Controllers\Auth.php(44): App\Models\ModelAuth->Login('eko@gmail.com', 'dsadsadsas')
 2 SYSTEMPATH\CodeIgniter.php(902): App\Controllers\Auth->CekLogin()
 3 SYSTEMPATH\CodeIgniter.php(457): CodeIgniter\CodeIgniter->runController(Object(App\Controllers\Auth))
 4 SYSTEMPATH\CodeIgniter.php(340): CodeIgniter\CodeIgniter->handleRequest(null, Object(Config\Cache), false)
 5 FCPATH\index.php(67): CodeIgniter\CodeIgniter->run()
ERROR - 2025-04-18 02:13:49 --> mysqli_sql_exception: You have an error in your SQL syntax; check the manual that corresponds to your MariaDB server version for the right syntax to use near ' $email
AND password, $password' at line 3 in C:\xampp\htdocs\gis-sekolah-ci4\system\Database\MySQLi\Connection.php:292
Stack trace:
#0 C:\xampp\htdocs\gis-sekolah-ci4\system\Database\MySQLi\Connection.php(292): mysqli->query('SELECT *\nFROM `...', 0)
#1 C:\xampp\htdocs\gis-sekolah-ci4\system\Database\BaseConnection.php(693): CodeIgniter\Database\MySQLi\Connection->execute('SELECT *\nFROM `...')
#2 C:\xampp\htdocs\gis-sekolah-ci4\system\Database\BaseConnection.php(620): CodeIgniter\Database\BaseConnection->simpleQuery('SELECT *\nFROM `...')
#3 C:\xampp\htdocs\gis-sekolah-ci4\system\Database\BaseBuilder.php(1585): CodeIgniter\Database\BaseConnection->query('SELECT *\nFROM `...', Array, false)
#4 C:\xampp\htdocs\gis-sekolah-ci4\app\Models\ModelAuth.php(14): CodeIgniter\Database\BaseBuilder->get()
#5 C:\xampp\htdocs\gis-sekolah-ci4\app\Controllers\Auth.php(44): App\Models\ModelAuth->Login('dsa@gmail.com', 'dsad')
#6 C:\xampp\htdocs\gis-sekolah-ci4\system\CodeIgniter.php(902): App\Controllers\Auth->CekLogin()
#7 C:\xampp\htdocs\gis-sekolah-ci4\system\CodeIgniter.php(457): CodeIgniter\CodeIgniter->runController(Object(App\Controllers\Auth))
#8 C:\xampp\htdocs\gis-sekolah-ci4\system\CodeIgniter.php(340): CodeIgniter\CodeIgniter->handleRequest(NULL, Object(Config\Cache), false)
#9 C:\xampp\htdocs\gis-sekolah-ci4\public\index.php(67): CodeIgniter\CodeIgniter->run()
#10 {main}
CRITICAL - 2025-04-18 02:13:49 --> Call to a member function getRowArray() on bool
in APPPATH\Models\ModelAuth.php on line 14.
 1 APPPATH\Controllers\Auth.php(44): App\Models\ModelAuth->Login('dsa@gmail.com', 'dsad')
 2 SYSTEMPATH\CodeIgniter.php(902): App\Controllers\Auth->CekLogin()
 3 SYSTEMPATH\CodeIgniter.php(457): CodeIgniter\CodeIgniter->runController(Object(App\Controllers\Auth))
 4 SYSTEMPATH\CodeIgniter.php(340): CodeIgniter\CodeIgniter->handleRequest(null, Object(Config\Cache), false)
 5 FCPATH\index.php(67): CodeIgniter\CodeIgniter->run()
ERROR - 2025-04-18 02:26:27 --> mysqli_sql_exception: You have an error in your SQL syntax; check the manual that corresponds to your MariaDB server version for the right syntax to use near ' $email
AND password, $password' at line 3 in C:\xampp\htdocs\gis-sekolah-ci4\system\Database\MySQLi\Connection.php:292
Stack trace:
#0 C:\xampp\htdocs\gis-sekolah-ci4\system\Database\MySQLi\Connection.php(292): mysqli->query('SELECT *\nFROM `...', 0)
#1 C:\xampp\htdocs\gis-sekolah-ci4\system\Database\BaseConnection.php(693): CodeIgniter\Database\MySQLi\Connection->execute('SELECT *\nFROM `...')
#2 C:\xampp\htdocs\gis-sekolah-ci4\system\Database\BaseConnection.php(620): CodeIgniter\Database\BaseConnection->simpleQuery('SELECT *\nFROM `...')
#3 C:\xampp\htdocs\gis-sekolah-ci4\system\Database\BaseBuilder.php(1585): CodeIgniter\Database\BaseConnection->query('SELECT *\nFROM `...', Array, false)
#4 C:\xampp\htdocs\gis-sekolah-ci4\app\Models\ModelAuth.php(14): CodeIgniter\Database\BaseBuilder->get()
#5 C:\xampp\htdocs\gis-sekolah-ci4\app\Controllers\Auth.php(44): App\Models\ModelAuth->Login('dsa@gmail.com', 'dsad')
#6 C:\xampp\htdocs\gis-sekolah-ci4\system\CodeIgniter.php(902): App\Controllers\Auth->CekLogin()
#7 C:\xampp\htdocs\gis-sekolah-ci4\system\CodeIgniter.php(457): CodeIgniter\CodeIgniter->runController(Object(App\Controllers\Auth))
#8 C:\xampp\htdocs\gis-sekolah-ci4\system\CodeIgniter.php(340): CodeIgniter\CodeIgniter->handleRequest(NULL, Object(Config\Cache), false)
#9 C:\xampp\htdocs\gis-sekolah-ci4\public\index.php(67): CodeIgniter\CodeIgniter->run()
#10 {main}
CRITICAL - 2025-04-18 02:26:27 --> Call to a member function getRowArray() on bool
in APPPATH\Models\ModelAuth.php on line 14.
 1 APPPATH\Controllers\Auth.php(44): App\Models\ModelAuth->Login('dsa@gmail.com', 'dsad')
 2 SYSTEMPATH\CodeIgniter.php(902): App\Controllers\Auth->CekLogin()
 3 SYSTEMPATH\CodeIgniter.php(457): CodeIgniter\CodeIgniter->runController(Object(App\Controllers\Auth))
 4 SYSTEMPATH\CodeIgniter.php(340): CodeIgniter\CodeIgniter->handleRequest(null, Object(Config\Cache), false)
 5 FCPATH\index.php(67): CodeIgniter\CodeIgniter->run()
ERROR - 2025-04-18 02:26:31 --> mysqli_sql_exception: You have an error in your SQL syntax; check the manual that corresponds to your MariaDB server version for the right syntax to use near ' $email
AND password, $password' at line 3 in C:\xampp\htdocs\gis-sekolah-ci4\system\Database\MySQLi\Connection.php:292
Stack trace:
#0 C:\xampp\htdocs\gis-sekolah-ci4\system\Database\MySQLi\Connection.php(292): mysqli->query('SELECT *\nFROM `...', 0)
#1 C:\xampp\htdocs\gis-sekolah-ci4\system\Database\BaseConnection.php(693): CodeIgniter\Database\MySQLi\Connection->execute('SELECT *\nFROM `...')
#2 C:\xampp\htdocs\gis-sekolah-ci4\system\Database\BaseConnection.php(620): CodeIgniter\Database\BaseConnection->simpleQuery('SELECT *\nFROM `...')
#3 C:\xampp\htdocs\gis-sekolah-ci4\system\Database\BaseBuilder.php(1585): CodeIgniter\Database\BaseConnection->query('SELECT *\nFROM `...', Array, false)
#4 C:\xampp\htdocs\gis-sekolah-ci4\app\Models\ModelAuth.php(14): CodeIgniter\Database\BaseBuilder->get()
#5 C:\xampp\htdocs\gis-sekolah-ci4\app\Controllers\Auth.php(44): App\Models\ModelAuth->Login('dsa@gmail.com', 'sasasas')
#6 C:\xampp\htdocs\gis-sekolah-ci4\system\CodeIgniter.php(902): App\Controllers\Auth->CekLogin()
#7 C:\xampp\htdocs\gis-sekolah-ci4\system\CodeIgniter.php(457): CodeIgniter\CodeIgniter->runController(Object(App\Controllers\Auth))
#8 C:\xampp\htdocs\gis-sekolah-ci4\system\CodeIgniter.php(340): CodeIgniter\CodeIgniter->handleRequest(NULL, Object(Config\Cache), false)
#9 C:\xampp\htdocs\gis-sekolah-ci4\public\index.php(67): CodeIgniter\CodeIgniter->run()
#10 {main}
CRITICAL - 2025-04-18 02:26:31 --> Call to a member function getRowArray() on bool
in APPPATH\Models\ModelAuth.php on line 14.
 1 APPPATH\Controllers\Auth.php(44): App\Models\ModelAuth->Login('dsa@gmail.com', 'sasasas')
 2 SYSTEMPATH\CodeIgniter.php(902): App\Controllers\Auth->CekLogin()
 3 SYSTEMPATH\CodeIgniter.php(457): CodeIgniter\CodeIgniter->runController(Object(App\Controllers\Auth))
 4 SYSTEMPATH\CodeIgniter.php(340): CodeIgniter\CodeIgniter->handleRequest(null, Object(Config\Cache), false)
 5 FCPATH\index.php(67): CodeIgniter\CodeIgniter->run()
ERROR - 2025-04-18 02:47:26 --> mysqli_sql_exception: You have an error in your SQL syntax; check the manual that corresponds to your MariaDB server version for the right syntax to use near ' $email
AND password, $password' at line 3 in C:\xampp\htdocs\gis-sekolah-ci4\system\Database\MySQLi\Connection.php:292
Stack trace:
#0 C:\xampp\htdocs\gis-sekolah-ci4\system\Database\MySQLi\Connection.php(292): mysqli->query('SELECT *\nFROM `...', 0)
#1 C:\xampp\htdocs\gis-sekolah-ci4\system\Database\BaseConnection.php(693): CodeIgniter\Database\MySQLi\Connection->execute('SELECT *\nFROM `...')
#2 C:\xampp\htdocs\gis-sekolah-ci4\system\Database\BaseConnection.php(620): CodeIgniter\Database\BaseConnection->simpleQuery('SELECT *\nFROM `...')
#3 C:\xampp\htdocs\gis-sekolah-ci4\system\Database\BaseBuilder.php(1585): CodeIgniter\Database\BaseConnection->query('SELECT *\nFROM `...', Array, false)
#4 C:\xampp\htdocs\gis-sekolah-ci4\app\Models\ModelAuth.php(14): CodeIgniter\Database\BaseBuilder->get()
#5 C:\xampp\htdocs\gis-sekolah-ci4\app\Controllers\Auth.php(44): App\Models\ModelAuth->Login('dadda@gmail.com', 'aaaa')
#6 C:\xampp\htdocs\gis-sekolah-ci4\system\CodeIgniter.php(902): App\Controllers\Auth->CekLogin()
#7 C:\xampp\htdocs\gis-sekolah-ci4\system\CodeIgniter.php(457): CodeIgniter\CodeIgniter->runController(Object(App\Controllers\Auth))
#8 C:\xampp\htdocs\gis-sekolah-ci4\system\CodeIgniter.php(340): CodeIgniter\CodeIgniter->handleRequest(NULL, Object(Config\Cache), false)
#9 C:\xampp\htdocs\gis-sekolah-ci4\public\index.php(67): CodeIgniter\CodeIgniter->run()
#10 {main}
CRITICAL - 2025-04-18 02:47:26 --> Call to a member function getRowArray() on bool
in APPPATH\Models\ModelAuth.php on line 14.
 1 APPPATH\Controllers\Auth.php(44): App\Models\ModelAuth->Login('dadda@gmail.com', 'aaaa')
 2 SYSTEMPATH\CodeIgniter.php(902): App\Controllers\Auth->CekLogin()
 3 SYSTEMPATH\CodeIgniter.php(457): CodeIgniter\CodeIgniter->runController(Object(App\Controllers\Auth))
 4 SYSTEMPATH\CodeIgniter.php(340): CodeIgniter\CodeIgniter->handleRequest(null, Object(Config\Cache), false)
 5 FCPATH\index.php(67): CodeIgniter\CodeIgniter->run()
ERROR - 2025-04-18 02:49:20 --> mysqli_sql_exception: You have an error in your SQL syntax; check the manual that corresponds to your MariaDB server version for the right syntax to use near ' $email
AND password, $password' at line 3 in C:\xampp\htdocs\gis-sekolah-ci4\system\Database\MySQLi\Connection.php:292
Stack trace:
#0 C:\xampp\htdocs\gis-sekolah-ci4\system\Database\MySQLi\Connection.php(292): mysqli->query('SELECT *\nFROM `...', 0)
#1 C:\xampp\htdocs\gis-sekolah-ci4\system\Database\BaseConnection.php(693): CodeIgniter\Database\MySQLi\Connection->execute('SELECT *\nFROM `...')
#2 C:\xampp\htdocs\gis-sekolah-ci4\system\Database\BaseConnection.php(620): CodeIgniter\Database\BaseConnection->simpleQuery('SELECT *\nFROM `...')
#3 C:\xampp\htdocs\gis-sekolah-ci4\system\Database\BaseBuilder.php(1585): CodeIgniter\Database\BaseConnection->query('SELECT *\nFROM `...', Array, false)
#4 C:\xampp\htdocs\gis-sekolah-ci4\app\Models\ModelAuth.php(14): CodeIgniter\Database\BaseBuilder->get()
#5 C:\xampp\htdocs\gis-sekolah-ci4\app\Controllers\Auth.php(44): App\Models\ModelAuth->Login('dadda@gmail.com', 'aaaa')
#6 C:\xampp\htdocs\gis-sekolah-ci4\system\CodeIgniter.php(902): App\Controllers\Auth->CekLogin()
#7 C:\xampp\htdocs\gis-sekolah-ci4\system\CodeIgniter.php(457): CodeIgniter\CodeIgniter->runController(Object(App\Controllers\Auth))
#8 C:\xampp\htdocs\gis-sekolah-ci4\system\CodeIgniter.php(340): CodeIgniter\CodeIgniter->handleRequest(NULL, Object(Config\Cache), false)
#9 C:\xampp\htdocs\gis-sekolah-ci4\public\index.php(67): CodeIgniter\CodeIgniter->run()
#10 {main}
CRITICAL - 2025-04-18 02:49:20 --> Call to a member function getRowArray() on bool
in APPPATH\Models\ModelAuth.php on line 14.
 1 APPPATH\Controllers\Auth.php(44): App\Models\ModelAuth->Login('dadda@gmail.com', 'aaaa')
 2 SYSTEMPATH\CodeIgniter.php(902): App\Controllers\Auth->CekLogin()
 3 SYSTEMPATH\CodeIgniter.php(457): CodeIgniter\CodeIgniter->runController(Object(App\Controllers\Auth))
 4 SYSTEMPATH\CodeIgniter.php(340): CodeIgniter\CodeIgniter->handleRequest(null, Object(Config\Cache), false)
 5 FCPATH\index.php(67): CodeIgniter\CodeIgniter->run()
ERROR - 2025-04-18 02:49:24 --> mysqli_sql_exception: You have an error in your SQL syntax; check the manual that corresponds to your MariaDB server version for the right syntax to use near ' $email
AND password, $password' at line 3 in C:\xampp\htdocs\gis-sekolah-ci4\system\Database\MySQLi\Connection.php:292
Stack trace:
#0 C:\xampp\htdocs\gis-sekolah-ci4\system\Database\MySQLi\Connection.php(292): mysqli->query('SELECT *\nFROM `...', 0)
#1 C:\xampp\htdocs\gis-sekolah-ci4\system\Database\BaseConnection.php(693): CodeIgniter\Database\MySQLi\Connection->execute('SELECT *\nFROM `...')
#2 C:\xampp\htdocs\gis-sekolah-ci4\system\Database\BaseConnection.php(620): CodeIgniter\Database\BaseConnection->simpleQuery('SELECT *\nFROM `...')
#3 C:\xampp\htdocs\gis-sekolah-ci4\system\Database\BaseBuilder.php(1585): CodeIgniter\Database\BaseConnection->query('SELECT *\nFROM `...', Array, false)
#4 C:\xampp\htdocs\gis-sekolah-ci4\app\Models\ModelAuth.php(14): CodeIgniter\Database\BaseBuilder->get()
#5 C:\xampp\htdocs\gis-sekolah-ci4\app\Controllers\Auth.php(44): App\Models\ModelAuth->Login('dadda@gmail.com', 'dadsadas')
#6 C:\xampp\htdocs\gis-sekolah-ci4\system\CodeIgniter.php(902): App\Controllers\Auth->CekLogin()
#7 C:\xampp\htdocs\gis-sekolah-ci4\system\CodeIgniter.php(457): CodeIgniter\CodeIgniter->runController(Object(App\Controllers\Auth))
#8 C:\xampp\htdocs\gis-sekolah-ci4\system\CodeIgniter.php(340): CodeIgniter\CodeIgniter->handleRequest(NULL, Object(Config\Cache), false)
#9 C:\xampp\htdocs\gis-sekolah-ci4\public\index.php(67): CodeIgniter\CodeIgniter->run()
#10 {main}
CRITICAL - 2025-04-18 02:49:24 --> Call to a member function getRowArray() on bool
in APPPATH\Models\ModelAuth.php on line 14.
 1 APPPATH\Controllers\Auth.php(44): App\Models\ModelAuth->Login('dadda@gmail.com', 'dadsadas')
 2 SYSTEMPATH\CodeIgniter.php(902): App\Controllers\Auth->CekLogin()
 3 SYSTEMPATH\CodeIgniter.php(457): CodeIgniter\CodeIgniter->runController(Object(App\Controllers\Auth))
 4 SYSTEMPATH\CodeIgniter.php(340): CodeIgniter\CodeIgniter->handleRequest(null, Object(Config\Cache), false)
 5 FCPATH\index.php(67): CodeIgniter\CodeIgniter->run()
ERROR - 2025-04-18 02:49:32 --> mysqli_sql_exception: You have an error in your SQL syntax; check the manual that corresponds to your MariaDB server version for the right syntax to use near ' $email
AND password, $password' at line 3 in C:\xampp\htdocs\gis-sekolah-ci4\system\Database\MySQLi\Connection.php:292
Stack trace:
#0 C:\xampp\htdocs\gis-sekolah-ci4\system\Database\MySQLi\Connection.php(292): mysqli->query('SELECT *\nFROM `...', 0)
#1 C:\xampp\htdocs\gis-sekolah-ci4\system\Database\BaseConnection.php(693): CodeIgniter\Database\MySQLi\Connection->execute('SELECT *\nFROM `...')
#2 C:\xampp\htdocs\gis-sekolah-ci4\system\Database\BaseConnection.php(620): CodeIgniter\Database\BaseConnection->simpleQuery('SELECT *\nFROM `...')
#3 C:\xampp\htdocs\gis-sekolah-ci4\system\Database\BaseBuilder.php(1585): CodeIgniter\Database\BaseConnection->query('SELECT *\nFROM `...', Array, false)
#4 C:\xampp\htdocs\gis-sekolah-ci4\app\Models\ModelAuth.php(14): CodeIgniter\Database\BaseBuilder->get()
#5 C:\xampp\htdocs\gis-sekolah-ci4\app\Controllers\Auth.php(44): App\Models\ModelAuth->Login('admin@gmail.com', 'sssss')
#6 C:\xampp\htdocs\gis-sekolah-ci4\system\CodeIgniter.php(902): App\Controllers\Auth->CekLogin()
#7 C:\xampp\htdocs\gis-sekolah-ci4\system\CodeIgniter.php(457): CodeIgniter\CodeIgniter->runController(Object(App\Controllers\Auth))
#8 C:\xampp\htdocs\gis-sekolah-ci4\system\CodeIgniter.php(340): CodeIgniter\CodeIgniter->handleRequest(NULL, Object(Config\Cache), false)
#9 C:\xampp\htdocs\gis-sekolah-ci4\public\index.php(67): CodeIgniter\CodeIgniter->run()
#10 {main}
CRITICAL - 2025-04-18 02:49:32 --> Call to a member function getRowArray() on bool
in APPPATH\Models\ModelAuth.php on line 14.
 1 APPPATH\Controllers\Auth.php(44): App\Models\ModelAuth->Login('admin@gmail.com', 'sssss')
 2 SYSTEMPATH\CodeIgniter.php(902): App\Controllers\Auth->CekLogin()
 3 SYSTEMPATH\CodeIgniter.php(457): CodeIgniter\CodeIgniter->runController(Object(App\Controllers\Auth))
 4 SYSTEMPATH\CodeIgniter.php(340): CodeIgniter\CodeIgniter->handleRequest(null, Object(Config\Cache), false)
 5 FCPATH\index.php(67): CodeIgniter\CodeIgniter->run()
ERROR - 2025-04-18 02:49:38 --> mysqli_sql_exception: You have an error in your SQL syntax; check the manual that corresponds to your MariaDB server version for the right syntax to use near ' $email
AND password, $password' at line 3 in C:\xampp\htdocs\gis-sekolah-ci4\system\Database\MySQLi\Connection.php:292
Stack trace:
#0 C:\xampp\htdocs\gis-sekolah-ci4\system\Database\MySQLi\Connection.php(292): mysqli->query('SELECT *\nFROM `...', 0)
#1 C:\xampp\htdocs\gis-sekolah-ci4\system\Database\BaseConnection.php(693): CodeIgniter\Database\MySQLi\Connection->execute('SELECT *\nFROM `...')
#2 C:\xampp\htdocs\gis-sekolah-ci4\system\Database\BaseConnection.php(620): CodeIgniter\Database\BaseConnection->simpleQuery('SELECT *\nFROM `...')
#3 C:\xampp\htdocs\gis-sekolah-ci4\system\Database\BaseBuilder.php(1585): CodeIgniter\Database\BaseConnection->query('SELECT *\nFROM `...', Array, false)
#4 C:\xampp\htdocs\gis-sekolah-ci4\app\Models\ModelAuth.php(14): CodeIgniter\Database\BaseBuilder->get()
#5 C:\xampp\htdocs\gis-sekolah-ci4\app\Controllers\Auth.php(44): App\Models\ModelAuth->Login('admin@gmail.com', 'dadad')
#6 C:\xampp\htdocs\gis-sekolah-ci4\system\CodeIgniter.php(902): App\Controllers\Auth->CekLogin()
#7 C:\xampp\htdocs\gis-sekolah-ci4\system\CodeIgniter.php(457): CodeIgniter\CodeIgniter->runController(Object(App\Controllers\Auth))
#8 C:\xampp\htdocs\gis-sekolah-ci4\system\CodeIgniter.php(340): CodeIgniter\CodeIgniter->handleRequest(NULL, Object(Config\Cache), false)
#9 C:\xampp\htdocs\gis-sekolah-ci4\public\index.php(67): CodeIgniter\CodeIgniter->run()
#10 {main}
CRITICAL - 2025-04-18 02:49:38 --> Call to a member function getRowArray() on bool
in APPPATH\Models\ModelAuth.php on line 14.
 1 APPPATH\Controllers\Auth.php(44): App\Models\ModelAuth->Login('admin@gmail.com', 'dadad')
 2 SYSTEMPATH\CodeIgniter.php(902): App\Controllers\Auth->CekLogin()
 3 SYSTEMPATH\CodeIgniter.php(457): CodeIgniter\CodeIgniter->runController(Object(App\Controllers\Auth))
 4 SYSTEMPATH\CodeIgniter.php(340): CodeIgniter\CodeIgniter->handleRequest(null, Object(Config\Cache), false)
 5 FCPATH\index.php(67): CodeIgniter\CodeIgniter->run()
ERROR - 2025-04-18 03:12:18 --> mysqli_sql_exception: You have an error in your SQL syntax; check the manual that corresponds to your MariaDB server version for the right syntax to use near ' $email
AND password, $password' at line 3 in C:\xampp\htdocs\gis-sekolah-ci4\system\Database\MySQLi\Connection.php:292
Stack trace:
#0 C:\xampp\htdocs\gis-sekolah-ci4\system\Database\MySQLi\Connection.php(292): mysqli->query('SELECT *\nFROM `...', 0)
#1 C:\xampp\htdocs\gis-sekolah-ci4\system\Database\BaseConnection.php(693): CodeIgniter\Database\MySQLi\Connection->execute('SELECT *\nFROM `...')
#2 C:\xampp\htdocs\gis-sekolah-ci4\system\Database\BaseConnection.php(620): CodeIgniter\Database\BaseConnection->simpleQuery('SELECT *\nFROM `...')
#3 C:\xampp\htdocs\gis-sekolah-ci4\system\Database\BaseBuilder.php(1585): CodeIgniter\Database\BaseConnection->query('SELECT *\nFROM `...', Array, false)
#4 C:\xampp\htdocs\gis-sekolah-ci4\app\Models\ModelAuth.php(14): CodeIgniter\Database\BaseBuilder->get()
#5 C:\xampp\htdocs\gis-sekolah-ci4\app\Controllers\Auth.php(44): App\Models\ModelAuth->Login('saas@gmail.com', 'dada')
#6 C:\xampp\htdocs\gis-sekolah-ci4\system\CodeIgniter.php(902): App\Controllers\Auth->CekLogin()
#7 C:\xampp\htdocs\gis-sekolah-ci4\system\CodeIgniter.php(457): CodeIgniter\CodeIgniter->runController(Object(App\Controllers\Auth))
#8 C:\xampp\htdocs\gis-sekolah-ci4\system\CodeIgniter.php(340): CodeIgniter\CodeIgniter->handleRequest(NULL, Object(Config\Cache), false)
#9 C:\xampp\htdocs\gis-sekolah-ci4\public\index.php(67): CodeIgniter\CodeIgniter->run()
#10 {main}
CRITICAL - 2025-04-18 03:12:18 --> Call to a member function getRowArray() on bool
in APPPATH\Models\ModelAuth.php on line 14.
 1 APPPATH\Controllers\Auth.php(44): App\Models\ModelAuth->Login('saas@gmail.com', 'dada')
 2 SYSTEMPATH\CodeIgniter.php(902): App\Controllers\Auth->CekLogin()
 3 SYSTEMPATH\CodeIgniter.php(457): CodeIgniter\CodeIgniter->runController(Object(App\Controllers\Auth))
 4 SYSTEMPATH\CodeIgniter.php(340): CodeIgniter\CodeIgniter->handleRequest(null, Object(Config\Cache), false)
 5 FCPATH\index.php(67): CodeIgniter\CodeIgniter->run()
ERROR - 2025-04-18 03:15:14 --> mysqli_sql_exception: You have an error in your SQL syntax; check the manual that corresponds to your MariaDB server version for the right syntax to use near ' $email
AND password, $password' at line 3 in C:\xampp\htdocs\gis-sekolah-ci4\system\Database\MySQLi\Connection.php:292
Stack trace:
#0 C:\xampp\htdocs\gis-sekolah-ci4\system\Database\MySQLi\Connection.php(292): mysqli->query('SELECT *\nFROM `...', 0)
#1 C:\xampp\htdocs\gis-sekolah-ci4\system\Database\BaseConnection.php(693): CodeIgniter\Database\MySQLi\Connection->execute('SELECT *\nFROM `...')
#2 C:\xampp\htdocs\gis-sekolah-ci4\system\Database\BaseConnection.php(620): CodeIgniter\Database\BaseConnection->simpleQuery('SELECT *\nFROM `...')
#3 C:\xampp\htdocs\gis-sekolah-ci4\system\Database\BaseBuilder.php(1585): CodeIgniter\Database\BaseConnection->query('SELECT *\nFROM `...', Array, false)
#4 C:\xampp\htdocs\gis-sekolah-ci4\app\Models\ModelAuth.php(14): CodeIgniter\Database\BaseBuilder->get()
#5 C:\xampp\htdocs\gis-sekolah-ci4\app\Controllers\Auth.php(44): App\Models\ModelAuth->Login('admin@gmail.com', 'sss')
#6 C:\xampp\htdocs\gis-sekolah-ci4\system\CodeIgniter.php(902): App\Controllers\Auth->CekLogin()
#7 C:\xampp\htdocs\gis-sekolah-ci4\system\CodeIgniter.php(457): CodeIgniter\CodeIgniter->runController(Object(App\Controllers\Auth))
#8 C:\xampp\htdocs\gis-sekolah-ci4\system\CodeIgniter.php(340): CodeIgniter\CodeIgniter->handleRequest(NULL, Object(Config\Cache), false)
#9 C:\xampp\htdocs\gis-sekolah-ci4\public\index.php(67): CodeIgniter\CodeIgniter->run()
#10 {main}
CRITICAL - 2025-04-18 03:15:14 --> Call to a member function getRowArray() on bool
in APPPATH\Models\ModelAuth.php on line 14.
 1 APPPATH\Controllers\Auth.php(44): App\Models\ModelAuth->Login('admin@gmail.com', 'sss')
 2 SYSTEMPATH\CodeIgniter.php(902): App\Controllers\Auth->CekLogin()
 3 SYSTEMPATH\CodeIgniter.php(457): CodeIgniter\CodeIgniter->runController(Object(App\Controllers\Auth))
 4 SYSTEMPATH\CodeIgniter.php(340): CodeIgniter\CodeIgniter->handleRequest(null, Object(Config\Cache), false)
 5 FCPATH\index.php(67): CodeIgniter\CodeIgniter->run()
ERROR - 2025-04-18 03:15:36 --> mysqli_sql_exception: You have an error in your SQL syntax; check the manual that corresponds to your MariaDB server version for the right syntax to use near ' $email
AND password, $password' at line 3 in C:\xampp\htdocs\gis-sekolah-ci4\system\Database\MySQLi\Connection.php:292
Stack trace:
#0 C:\xampp\htdocs\gis-sekolah-ci4\system\Database\MySQLi\Connection.php(292): mysqli->query('SELECT *\nFROM `...', 0)
#1 C:\xampp\htdocs\gis-sekolah-ci4\system\Database\BaseConnection.php(693): CodeIgniter\Database\MySQLi\Connection->execute('SELECT *\nFROM `...')
#2 C:\xampp\htdocs\gis-sekolah-ci4\system\Database\BaseConnection.php(620): CodeIgniter\Database\BaseConnection->simpleQuery('SELECT *\nFROM `...')
#3 C:\xampp\htdocs\gis-sekolah-ci4\system\Database\BaseBuilder.php(1585): CodeIgniter\Database\BaseConnection->query('SELECT *\nFROM `...', Array, false)
#4 C:\xampp\htdocs\gis-sekolah-ci4\app\Models\ModelAuth.php(14): CodeIgniter\Database\BaseBuilder->get()
#5 C:\xampp\htdocs\gis-sekolah-ci4\app\Controllers\Auth.php(44): App\Models\ModelAuth->Login('admin@gmail.com', 'sasasa')
#6 C:\xampp\htdocs\gis-sekolah-ci4\system\CodeIgniter.php(902): App\Controllers\Auth->CekLogin()
#7 C:\xampp\htdocs\gis-sekolah-ci4\system\CodeIgniter.php(457): CodeIgniter\CodeIgniter->runController(Object(App\Controllers\Auth))
#8 C:\xampp\htdocs\gis-sekolah-ci4\system\CodeIgniter.php(340): CodeIgniter\CodeIgniter->handleRequest(NULL, Object(Config\Cache), false)
#9 C:\xampp\htdocs\gis-sekolah-ci4\public\index.php(67): CodeIgniter\CodeIgniter->run()
#10 {main}
CRITICAL - 2025-04-18 03:15:36 --> Call to a member function getRowArray() on bool
in APPPATH\Models\ModelAuth.php on line 14.
 1 APPPATH\Controllers\Auth.php(44): App\Models\ModelAuth->Login('admin@gmail.com', 'sasasa')
 2 SYSTEMPATH\CodeIgniter.php(902): App\Controllers\Auth->CekLogin()
 3 SYSTEMPATH\CodeIgniter.php(457): CodeIgniter\CodeIgniter->runController(Object(App\Controllers\Auth))
 4 SYSTEMPATH\CodeIgniter.php(340): CodeIgniter\CodeIgniter->handleRequest(null, Object(Config\Cache), false)
 5 FCPATH\index.php(67): CodeIgniter\CodeIgniter->run()
CRITICAL - 2025-04-18 03:15:56 --> Creation of dynamic property App\Controllers\Auth::$ModelAuth is deprecated
in APPPATH\Controllers\Auth.php on line 12.
 1 APPPATH\Controllers\Auth.php(12): CodeIgniter\Debug\Exceptions->errorHandler(8192, 'Creation of dynamic property App\\Controllers\\Auth::$ModelAuth is deprecated', 'APPPATH\\Controllers\\Auth.php', 12)
 2 SYSTEMPATH\CodeIgniter.php(864): App\Controllers\Auth->__construct()
 3 SYSTEMPATH\CodeIgniter.php(448): CodeIgniter\CodeIgniter->createController()
 4 SYSTEMPATH\CodeIgniter.php(340): CodeIgniter\CodeIgniter->handleRequest(null, Object(Config\Cache), false)
 5 FCPATH\index.php(67): CodeIgniter\CodeIgniter->run()
CRITICAL - 2025-04-18 03:23:27 --> syntax error, unexpected token "{", expecting "function" or "const"
in APPPATH\Controllers\Auth.php on line 11.
 1 SYSTEMPATH\Router\Router.php(499): CodeIgniter\Router\AutoRouter->getRoute('Auth/Login')
 2 SYSTEMPATH\Router\Router.php(205): CodeIgniter\Router\Router->autoRoute('Auth/Login')
 3 SYSTEMPATH\CodeIgniter.php(777): CodeIgniter\Router\Router->handle('Auth/Login')
 4 SYSTEMPATH\CodeIgniter.php(406): CodeIgniter\CodeIgniter->tryToRouteIt(Object(CodeIgniter\Router\RouteCollection))
 5 SYSTEMPATH\CodeIgniter.php(340): CodeIgniter\CodeIgniter->handleRequest(null, Object(Config\Cache), false)
 6 FCPATH\index.php(67): CodeIgniter\CodeIgniter->run()
CRITICAL - 2025-04-18 03:23:31 --> syntax error, unexpected token "{", expecting "function" or "const"
in APPPATH\Controllers\Auth.php on line 11.
 1 SYSTEMPATH\Router\Router.php(499): CodeIgniter\Router\AutoRouter->getRoute('Auth/Login')
 2 SYSTEMPATH\Router\Router.php(205): CodeIgniter\Router\Router->autoRoute('Auth/Login')
 3 SYSTEMPATH\CodeIgniter.php(777): CodeIgniter\Router\Router->handle('Auth/Login')
 4 SYSTEMPATH\CodeIgniter.php(406): CodeIgniter\CodeIgniter->tryToRouteIt(Object(CodeIgniter\Router\RouteCollection))
 5 SYSTEMPATH\CodeIgniter.php(340): CodeIgniter\CodeIgniter->handleRequest(null, Object(Config\Cache), false)
 6 FCPATH\index.php(67): CodeIgniter\CodeIgniter->run()
CRITICAL - 2025-04-18 03:23:36 --> syntax error, unexpected token "{", expecting "function" or "const"
in APPPATH\Controllers\Auth.php on line 11.
 1 SYSTEMPATH\Router\Router.php(499): CodeIgniter\Router\AutoRouter->getRoute('Auth')
 2 SYSTEMPATH\Router\Router.php(205): CodeIgniter\Router\Router->autoRoute('Auth')
 3 SYSTEMPATH\CodeIgniter.php(777): CodeIgniter\Router\Router->handle('Auth')
 4 SYSTEMPATH\CodeIgniter.php(406): CodeIgniter\CodeIgniter->tryToRouteIt(Object(CodeIgniter\Router\RouteCollection))
 5 SYSTEMPATH\CodeIgniter.php(340): CodeIgniter\CodeIgniter->handleRequest(null, Object(Config\Cache), false)
 6 FCPATH\index.php(67): CodeIgniter\CodeIgniter->run()
CRITICAL - 2025-04-18 03:23:45 --> syntax error, unexpected token "{", expecting "function" or "const"
in APPPATH\Controllers\Auth.php on line 11.
 1 SYSTEMPATH\Router\Router.php(499): CodeIgniter\Router\AutoRouter->getRoute('Auth/Login')
 2 SYSTEMPATH\Router\Router.php(205): CodeIgniter\Router\Router->autoRoute('Auth/Login')
 3 SYSTEMPATH\CodeIgniter.php(777): CodeIgniter\Router\Router->handle('Auth/Login')
 4 SYSTEMPATH\CodeIgniter.php(406): CodeIgniter\CodeIgniter->tryToRouteIt(Object(CodeIgniter\Router\RouteCollection))
 5 SYSTEMPATH\CodeIgniter.php(340): CodeIgniter\CodeIgniter->handleRequest(null, Object(Config\Cache), false)
 6 FCPATH\index.php(67): CodeIgniter\CodeIgniter->run()
ERROR - 2025-04-18 03:24:09 --> mysqli_sql_exception: You have an error in your SQL syntax; check the manual that corresponds to your MariaDB server version for the right syntax to use near ' $email
AND password, $password' at line 3 in C:\xampp\htdocs\gis-sekolah-ci4\system\Database\MySQLi\Connection.php:292
Stack trace:
#0 C:\xampp\htdocs\gis-sekolah-ci4\system\Database\MySQLi\Connection.php(292): mysqli->query('SELECT *\nFROM `...', 0)
#1 C:\xampp\htdocs\gis-sekolah-ci4\system\Database\BaseConnection.php(693): CodeIgniter\Database\MySQLi\Connection->execute('SELECT *\nFROM `...')
#2 C:\xampp\htdocs\gis-sekolah-ci4\system\Database\BaseConnection.php(620): CodeIgniter\Database\BaseConnection->simpleQuery('SELECT *\nFROM `...')
#3 C:\xampp\htdocs\gis-sekolah-ci4\system\Database\BaseBuilder.php(1585): CodeIgniter\Database\BaseConnection->query('SELECT *\nFROM `...', Array, false)
#4 C:\xampp\htdocs\gis-sekolah-ci4\app\Models\ModelAuth.php(14): CodeIgniter\Database\BaseBuilder->get()
#5 C:\xampp\htdocs\gis-sekolah-ci4\app\Controllers\Auth.php(44): App\Models\ModelAuth->Login('dadda@gmail.com', '123444')
#6 C:\xampp\htdocs\gis-sekolah-ci4\system\CodeIgniter.php(902): App\Controllers\Auth->CekLogin()
#7 C:\xampp\htdocs\gis-sekolah-ci4\system\CodeIgniter.php(457): CodeIgniter\CodeIgniter->runController(Object(App\Controllers\Auth))
#8 C:\xampp\htdocs\gis-sekolah-ci4\system\CodeIgniter.php(340): CodeIgniter\CodeIgniter->handleRequest(NULL, Object(Config\Cache), false)
#9 C:\xampp\htdocs\gis-sekolah-ci4\public\index.php(67): CodeIgniter\CodeIgniter->run()
#10 {main}
CRITICAL - 2025-04-18 03:24:09 --> Call to a member function getRowArray() on bool
in APPPATH\Models\ModelAuth.php on line 14.
 1 APPPATH\Controllers\Auth.php(44): App\Models\ModelAuth->Login('dadda@gmail.com', '123444')
 2 SYSTEMPATH\CodeIgniter.php(902): App\Controllers\Auth->CekLogin()
 3 SYSTEMPATH\CodeIgniter.php(457): CodeIgniter\CodeIgniter->runController(Object(App\Controllers\Auth))
 4 SYSTEMPATH\CodeIgniter.php(340): CodeIgniter\CodeIgniter->handleRequest(null, Object(Config\Cache), false)
 5 FCPATH\index.php(67): CodeIgniter\CodeIgniter->run()
CRITICAL - 2025-04-18 03:28:44 --> Creation of dynamic property App\Controllers\Auth::$ModelAuth is deprecated
in APPPATH\Controllers\Auth.php on line 12.
 1 APPPATH\Controllers\Auth.php(12): CodeIgniter\Debug\Exceptions->errorHandler(8192, 'Creation of dynamic property App\\Controllers\\Auth::$ModelAuth is deprecated', 'APPPATH\\Controllers\\Auth.php', 12)
 2 SYSTEMPATH\CodeIgniter.php(864): App\Controllers\Auth->__construct()
 3 SYSTEMPATH\CodeIgniter.php(448): CodeIgniter\CodeIgniter->createController()
 4 SYSTEMPATH\CodeIgniter.php(340): CodeIgniter\CodeIgniter->handleRequest(null, Object(Config\Cache), false)
 5 FCPATH\index.php(67): CodeIgniter\CodeIgniter->run()
CRITICAL - 2025-04-18 09:26:56 --> Undefined property: App\Controllers\Admin::$ModelAdmin
in APPPATH\Controllers\Admin.php on line 23.
 1 APPPATH\Controllers\Admin.php(23): CodeIgniter\Debug\Exceptions->errorHandler(2, 'Undefined property: App\\Controllers\\Admin::$ModelAdmin', 'APPPATH\\Controllers\\Admin.php', 23)
 2 SYSTEMPATH\CodeIgniter.php(902): App\Controllers\Admin->index()
 3 SYSTEMPATH\CodeIgniter.php(457): CodeIgniter\CodeIgniter->runController(Object(App\Controllers\Admin))
 4 SYSTEMPATH\CodeIgniter.php(340): CodeIgniter\CodeIgniter->handleRequest(null, Object(Config\Cache), false)
 5 FCPATH\index.php(67): CodeIgniter\CodeIgniter->run()
CRITICAL - 2025-04-18 09:29:23 --> Undefined property: App\Controllers\Admin::$ModelAdmin
in APPPATH\Controllers\Admin.php on line 23.
 1 APPPATH\Controllers\Admin.php(23): CodeIgniter\Debug\Exceptions->errorHandler(2, 'Undefined property: App\\Controllers\\Admin::$ModelAdmin', 'APPPATH\\Controllers\\Admin.php', 23)
 2 SYSTEMPATH\CodeIgniter.php(902): App\Controllers\Admin->index()
 3 SYSTEMPATH\CodeIgniter.php(457): CodeIgniter\CodeIgniter->runController(Object(App\Controllers\Admin))
 4 SYSTEMPATH\CodeIgniter.php(340): CodeIgniter\CodeIgniter->handleRequest(null, Object(Config\Cache), false)
 5 FCPATH\index.php(67): CodeIgniter\CodeIgniter->run()
CRITICAL - 2025-04-18 09:29:41 --> Creation of dynamic property App\Controllers\Admin::$ModelSetting is deprecated
in APPPATH\Controllers\Admin.php on line 13.
 1 APPPATH\Controllers\Admin.php(13): CodeIgniter\Debug\Exceptions->errorHandler(8192, 'Creation of dynamic property App\\Controllers\\Admin::$ModelSetting is deprecated', 'APPPATH\\Controllers\\Admin.php', 13)
 2 SYSTEMPATH\CodeIgniter.php(864): App\Controllers\Admin->__construct()
 3 SYSTEMPATH\CodeIgniter.php(448): CodeIgniter\CodeIgniter->createController()
 4 SYSTEMPATH\CodeIgniter.php(340): CodeIgniter\CodeIgniter->handleRequest(null, Object(Config\Cache), false)
 5 FCPATH\index.php(67): CodeIgniter\CodeIgniter->run()
CRITICAL - 2025-04-18 11:58:14 --> Creation of dynamic property App\Controllers\wilayah::$ModelWilayah is deprecated
in APPPATH\Controllers\Wilayah.php on line 13.
 1 APPPATH\Controllers\Wilayah.php(13): CodeIgniter\Debug\Exceptions->errorHandler(8192, 'Creation of dynamic property App\\Controllers\\wilayah::$ModelWilayah is deprecated', 'APPPATH\\Controllers\\Wilayah.php', 13)
 2 SYSTEMPATH\CodeIgniter.php(864): App\Controllers\wilayah->__construct()
 3 SYSTEMPATH\CodeIgniter.php(448): CodeIgniter\CodeIgniter->createController()
 4 SYSTEMPATH\CodeIgniter.php(340): CodeIgniter\CodeIgniter->handleRequest(null, Object(Config\Cache), false)
 5 FCPATH\index.php(67): CodeIgniter\CodeIgniter->run()
CRITICAL - 2025-04-18 12:06:24 --> Undefined variable $jmlsekolah
in APPPATH\Views\v_dashboard.php on line 6.
 1 APPPATH\Views\v_dashboard.php(6): CodeIgniter\Debug\Exceptions->errorHandler(2, 'Undefined variable $jmlsekolah', 'APPPATH\\Views\\v_dashboard.php', 6)
 2 SYSTEMPATH\View\View.php(213): include('APPPATH\\Views\\v_dashboard.php')
 3 SYSTEMPATH\View\View.php(216): CodeIgniter\View\View->CodeIgniter\View\{closure}()
 4 SYSTEMPATH\Common.php(1142): CodeIgniter\View\View->render('v_dashboard', [], true)
 5 APPPATH\Views\v_template_back_end.php(217): view('v_dashboard')
 6 SYSTEMPATH\View\View.php(213): include('APPPATH\\Views\\v_template_back_end.php')
 7 SYSTEMPATH\View\View.php(216): CodeIgniter\View\View->CodeIgniter\View\{closure}()
 8 SYSTEMPATH\Common.php(1142): CodeIgniter\View\View->render('v_template_back_end', [], true)
 9 APPPATH\Controllers\Admin.php(22): view('v_template_back_end', [...])
10 SYSTEMPATH\CodeIgniter.php(902): App\Controllers\Admin->index()
11 SYSTEMPATH\CodeIgniter.php(457): CodeIgniter\CodeIgniter->runController(Object(App\Controllers\Admin))
12 SYSTEMPATH\CodeIgniter.php(340): CodeIgniter\CodeIgniter->handleRequest(null, Object(Config\Cache), false)
13 FCPATH\index.php(67): CodeIgniter\CodeIgniter->run()
CRITICAL - 2025-04-18 12:06:27 --> Undefined variable $jmlsekolah
in APPPATH\Views\v_dashboard.php on line 6.
 1 APPPATH\Views\v_dashboard.php(6): CodeIgniter\Debug\Exceptions->errorHandler(2, 'Undefined variable $jmlsekolah', 'APPPATH\\Views\\v_dashboard.php', 6)
 2 SYSTEMPATH\View\View.php(213): include('APPPATH\\Views\\v_dashboard.php')
 3 SYSTEMPATH\View\View.php(216): CodeIgniter\View\View->CodeIgniter\View\{closure}()
 4 SYSTEMPATH\Common.php(1142): CodeIgniter\View\View->render('v_dashboard', [], true)
 5 APPPATH\Views\v_template_back_end.php(217): view('v_dashboard')
 6 SYSTEMPATH\View\View.php(213): include('APPPATH\\Views\\v_template_back_end.php')
 7 SYSTEMPATH\View\View.php(216): CodeIgniter\View\View->CodeIgniter\View\{closure}()
 8 SYSTEMPATH\Common.php(1142): CodeIgniter\View\View->render('v_template_back_end', [], true)
 9 APPPATH\Controllers\Admin.php(22): view('v_template_back_end', [...])
10 SYSTEMPATH\CodeIgniter.php(902): App\Controllers\Admin->index()
11 SYSTEMPATH\CodeIgniter.php(457): CodeIgniter\CodeIgniter->runController(Object(App\Controllers\Admin))
12 SYSTEMPATH\CodeIgniter.php(340): CodeIgniter\CodeIgniter->handleRequest(null, Object(Config\Cache), false)
13 FCPATH\index.php(67): CodeIgniter\CodeIgniter->run()
CRITICAL - 2025-04-18 12:06:30 --> Undefined variable $jmlsekolah
in APPPATH\Views\v_dashboard.php on line 6.
 1 APPPATH\Views\v_dashboard.php(6): CodeIgniter\Debug\Exceptions->errorHandler(2, 'Undefined variable $jmlsekolah', 'APPPATH\\Views\\v_dashboard.php', 6)
 2 SYSTEMPATH\View\View.php(213): include('APPPATH\\Views\\v_dashboard.php')
 3 SYSTEMPATH\View\View.php(216): CodeIgniter\View\View->CodeIgniter\View\{closure}()
 4 SYSTEMPATH\Common.php(1142): CodeIgniter\View\View->render('v_dashboard', [], true)
 5 APPPATH\Views\v_template_back_end.php(217): view('v_dashboard')
 6 SYSTEMPATH\View\View.php(213): include('APPPATH\\Views\\v_template_back_end.php')
 7 SYSTEMPATH\View\View.php(216): CodeIgniter\View\View->CodeIgniter\View\{closure}()
 8 SYSTEMPATH\Common.php(1142): CodeIgniter\View\View->render('v_template_back_end', [], true)
 9 APPPATH\Controllers\Admin.php(22): view('v_template_back_end', [...])
10 SYSTEMPATH\CodeIgniter.php(902): App\Controllers\Admin->index()
11 SYSTEMPATH\CodeIgniter.php(457): CodeIgniter\CodeIgniter->runController(Object(App\Controllers\Admin))
12 SYSTEMPATH\CodeIgniter.php(340): CodeIgniter\CodeIgniter->handleRequest(null, Object(Config\Cache), false)
13 FCPATH\index.php(67): CodeIgniter\CodeIgniter->run()
CRITICAL - 2025-04-18 12:06:33 --> Undefined variable $jmlsekolah
in APPPATH\Views\v_dashboard.php on line 6.
 1 APPPATH\Views\v_dashboard.php(6): CodeIgniter\Debug\Exceptions->errorHandler(2, 'Undefined variable $jmlsekolah', 'APPPATH\\Views\\v_dashboard.php', 6)
 2 SYSTEMPATH\View\View.php(213): include('APPPATH\\Views\\v_dashboard.php')
 3 SYSTEMPATH\View\View.php(216): CodeIgniter\View\View->CodeIgniter\View\{closure}()
 4 SYSTEMPATH\Common.php(1142): CodeIgniter\View\View->render('v_dashboard', [], true)
 5 APPPATH\Views\v_template_back_end.php(217): view('v_dashboard')
 6 SYSTEMPATH\View\View.php(213): include('APPPATH\\Views\\v_template_back_end.php')
 7 SYSTEMPATH\View\View.php(216): CodeIgniter\View\View->CodeIgniter\View\{closure}()
 8 SYSTEMPATH\Common.php(1142): CodeIgniter\View\View->render('v_template_back_end', [], true)
 9 APPPATH\Controllers\Admin.php(22): view('v_template_back_end', [...])
10 SYSTEMPATH\CodeIgniter.php(902): App\Controllers\Admin->index()
11 SYSTEMPATH\CodeIgniter.php(457): CodeIgniter\CodeIgniter->runController(Object(App\Controllers\Admin))
12 SYSTEMPATH\CodeIgniter.php(340): CodeIgniter\CodeIgniter->handleRequest(null, Object(Config\Cache), false)
13 FCPATH\index.php(67): CodeIgniter\CodeIgniter->run()
CRITICAL - 2025-04-18 12:21:34 --> Creation of dynamic property App\Controllers\wilayah::$ModelWilayah is deprecated
in APPPATH\Controllers\Wilayah.php on line 13.
 1 APPPATH\Controllers\Wilayah.php(13): CodeIgniter\Debug\Exceptions->errorHandler(8192, 'Creation of dynamic property App\\Controllers\\wilayah::$ModelWilayah is deprecated', 'APPPATH\\Controllers\\Wilayah.php', 13)
 2 SYSTEMPATH\CodeIgniter.php(864): App\Controllers\wilayah->__construct()
 3 SYSTEMPATH\CodeIgniter.php(448): CodeIgniter\CodeIgniter->createController()
 4 SYSTEMPATH\CodeIgniter.php(340): CodeIgniter\CodeIgniter->handleRequest(null, Object(Config\Cache), false)
 5 FCPATH\index.php(67): CodeIgniter\CodeIgniter->run()
CRITICAL - 2025-04-18 12:25:14 --> Creation of dynamic property App\Controllers\Wilayah::$ModelWilayah is deprecated
in APPPATH\Controllers\Wilayah.php on line 13.
 1 APPPATH\Controllers\Wilayah.php(13): CodeIgniter\Debug\Exceptions->errorHandler(8192, 'Creation of dynamic property App\\Controllers\\Wilayah::$ModelWilayah is deprecated', 'APPPATH\\Controllers\\Wilayah.php', 13)
 2 SYSTEMPATH\CodeIgniter.php(864): App\Controllers\Wilayah->__construct()
 3 SYSTEMPATH\CodeIgniter.php(448): CodeIgniter\CodeIgniter->createController()
 4 SYSTEMPATH\CodeIgniter.php(340): CodeIgniter\CodeIgniter->handleRequest(null, Object(Config\Cache), false)
 5 FCPATH\index.php(67): CodeIgniter\CodeIgniter->run()
CRITICAL - 2025-04-18 12:25:17 --> Creation of dynamic property App\Controllers\Wilayah::$ModelWilayah is deprecated
in APPPATH\Controllers\Wilayah.php on line 13.
 1 APPPATH\Controllers\Wilayah.php(13): CodeIgniter\Debug\Exceptions->errorHandler(8192, 'Creation of dynamic property App\\Controllers\\Wilayah::$ModelWilayah is deprecated', 'APPPATH\\Controllers\\Wilayah.php', 13)
 2 SYSTEMPATH\CodeIgniter.php(864): App\Controllers\Wilayah->__construct()
 3 SYSTEMPATH\CodeIgniter.php(448): CodeIgniter\CodeIgniter->createController()
 4 SYSTEMPATH\CodeIgniter.php(340): CodeIgniter\CodeIgniter->handleRequest(null, Object(Config\Cache), false)
 5 FCPATH\index.php(67): CodeIgniter\CodeIgniter->run()
CRITICAL - 2025-04-18 12:26:37 --> Creation of dynamic property App\Controllers\Wilayah::$ModelWilayah is deprecated
in APPPATH\Controllers\Wilayah.php on line 13.
 1 APPPATH\Controllers\Wilayah.php(13): CodeIgniter\Debug\Exceptions->errorHandler(8192, 'Creation of dynamic property App\\Controllers\\Wilayah::$ModelWilayah is deprecated', 'APPPATH\\Controllers\\Wilayah.php', 13)
 2 SYSTEMPATH\CodeIgniter.php(864): App\Controllers\Wilayah->__construct()
 3 SYSTEMPATH\CodeIgniter.php(448): CodeIgniter\CodeIgniter->createController()
 4 SYSTEMPATH\CodeIgniter.php(340): CodeIgniter\CodeIgniter->handleRequest(null, Object(Config\Cache), false)
 5 FCPATH\index.php(67): CodeIgniter\CodeIgniter->run()
CRITICAL - 2025-04-18 12:38:51 --> Creation of dynamic property App\Controllers\Wilayah::$ModelWilayah is deprecated
in APPPATH\Controllers\Wilayah.php on line 13.
 1 APPPATH\Controllers\Wilayah.php(13): CodeIgniter\Debug\Exceptions->errorHandler(8192, 'Creation of dynamic property App\\Controllers\\Wilayah::$ModelWilayah is deprecated', 'APPPATH\\Controllers\\Wilayah.php', 13)
 2 SYSTEMPATH\CodeIgniter.php(864): App\Controllers\Wilayah->__construct()
 3 SYSTEMPATH\CodeIgniter.php(448): CodeIgniter\CodeIgniter->createController()
 4 SYSTEMPATH\CodeIgniter.php(340): CodeIgniter\CodeIgniter->handleRequest(null, Object(Config\Cache), false)
 5 FCPATH\index.php(67): CodeIgniter\CodeIgniter->run()
CRITICAL - 2025-04-18 12:48:39 --> Creation of dynamic property App\Controllers\Admin::$ModelSetting is deprecated
in APPPATH\Controllers\Admin.php on line 14.
 1 APPPATH\Controllers\Admin.php(14): CodeIgniter\Debug\Exceptions->errorHandler(8192, 'Creation of dynamic property App\\Controllers\\Admin::$ModelSetting is deprecated', 'APPPATH\\Controllers\\Admin.php', 14)
 2 SYSTEMPATH\CodeIgniter.php(864): App\Controllers\Admin->__construct()
 3 SYSTEMPATH\CodeIgniter.php(448): CodeIgniter\CodeIgniter->createController()
 4 SYSTEMPATH\CodeIgniter.php(340): CodeIgniter\CodeIgniter->handleRequest(null, Object(Config\Cache), false)
 5 FCPATH\index.php(67): CodeIgniter\CodeIgniter->run()
CRITICAL - 2025-04-18 12:50:41 --> Creation of dynamic property App\Controllers\Admin::$ModelSetting is deprecated
in APPPATH\Controllers\Admin.php on line 14.
 1 APPPATH\Controllers\Admin.php(14): CodeIgniter\Debug\Exceptions->errorHandler(8192, 'Creation of dynamic property App\\Controllers\\Admin::$ModelSetting is deprecated', 'APPPATH\\Controllers\\Admin.php', 14)
 2 SYSTEMPATH\CodeIgniter.php(864): App\Controllers\Admin->__construct()
 3 SYSTEMPATH\CodeIgniter.php(448): CodeIgniter\CodeIgniter->createController()
 4 SYSTEMPATH\CodeIgniter.php(340): CodeIgniter\CodeIgniter->handleRequest(null, Object(Config\Cache), false)
 5 FCPATH\index.php(67): CodeIgniter\CodeIgniter->run()
CRITICAL - 2025-04-18 12:51:38 --> Creation of dynamic property App\Controllers\Admin::$ModelSetting is deprecated
in APPPATH\Controllers\Admin.php on line 14.
 1 APPPATH\Controllers\Admin.php(14): CodeIgniter\Debug\Exceptions->errorHandler(8192, 'Creation of dynamic property App\\Controllers\\Admin::$ModelSetting is deprecated', 'APPPATH\\Controllers\\Admin.php', 14)
 2 SYSTEMPATH\CodeIgniter.php(864): App\Controllers\Admin->__construct()
 3 SYSTEMPATH\CodeIgniter.php(448): CodeIgniter\CodeIgniter->createController()
 4 SYSTEMPATH\CodeIgniter.php(340): CodeIgniter\CodeIgniter->handleRequest(null, Object(Config\Cache), false)
 5 FCPATH\index.php(67): CodeIgniter\CodeIgniter->run()
CRITICAL - 2025-04-18 12:51:42 --> Creation of dynamic property App\Controllers\Admin::$ModelSetting is deprecated
in APPPATH\Controllers\Admin.php on line 14.
 1 APPPATH\Controllers\Admin.php(14): CodeIgniter\Debug\Exceptions->errorHandler(8192, 'Creation of dynamic property App\\Controllers\\Admin::$ModelSetting is deprecated', 'APPPATH\\Controllers\\Admin.php', 14)
 2 SYSTEMPATH\CodeIgniter.php(864): App\Controllers\Admin->__construct()
 3 SYSTEMPATH\CodeIgniter.php(448): CodeIgniter\CodeIgniter->createController()
 4 SYSTEMPATH\CodeIgniter.php(340): CodeIgniter\CodeIgniter->handleRequest(null, Object(Config\Cache), false)
 5 FCPATH\index.php(67): CodeIgniter\CodeIgniter->run()
CRITICAL - 2025-04-18 12:53:15 --> Creation of dynamic property App\Controllers\Admin::$ModelSetting is deprecated
in APPPATH\Controllers\Admin.php on line 14.
 1 APPPATH\Controllers\Admin.php(14): CodeIgniter\Debug\Exceptions->errorHandler(8192, 'Creation of dynamic property App\\Controllers\\Admin::$ModelSetting is deprecated', 'APPPATH\\Controllers\\Admin.php', 14)
 2 SYSTEMPATH\CodeIgniter.php(864): App\Controllers\Admin->__construct()
 3 SYSTEMPATH\CodeIgniter.php(448): CodeIgniter\CodeIgniter->createController()
 4 SYSTEMPATH\CodeIgniter.php(340): CodeIgniter\CodeIgniter->handleRequest(null, Object(Config\Cache), false)
 5 FCPATH\index.php(67): CodeIgniter\CodeIgniter->run()
CRITICAL - 2025-04-18 12:54:32 --> Creation of dynamic property App\Controllers\Admin::$ModelSetting is deprecated
in APPPATH\Controllers\Admin.php on line 14.
 1 APPPATH\Controllers\Admin.php(14): CodeIgniter\Debug\Exceptions->errorHandler(8192, 'Creation of dynamic property App\\Controllers\\Admin::$ModelSetting is deprecated', 'APPPATH\\Controllers\\Admin.php', 14)
 2 SYSTEMPATH\CodeIgniter.php(864): App\Controllers\Admin->__construct()
 3 SYSTEMPATH\CodeIgniter.php(448): CodeIgniter\CodeIgniter->createController()
 4 SYSTEMPATH\CodeIgniter.php(340): CodeIgniter\CodeIgniter->handleRequest(null, Object(Config\Cache), false)
 5 FCPATH\index.php(67): CodeIgniter\CodeIgniter->run()
CRITICAL - 2025-04-18 12:55:04 --> Creation of dynamic property App\Controllers\Wilayah::$ModelWilayah is deprecated
in APPPATH\Controllers\Wilayah.php on line 13.
 1 APPPATH\Controllers\Wilayah.php(13): CodeIgniter\Debug\Exceptions->errorHandler(8192, 'Creation of dynamic property App\\Controllers\\Wilayah::$ModelWilayah is deprecated', 'APPPATH\\Controllers\\Wilayah.php', 13)
 2 SYSTEMPATH\CodeIgniter.php(864): App\Controllers\Wilayah->__construct()
 3 SYSTEMPATH\CodeIgniter.php(448): CodeIgniter\CodeIgniter->createController()
 4 SYSTEMPATH\CodeIgniter.php(340): CodeIgniter\CodeIgniter->handleRequest(null, Object(Config\Cache), false)
 5 FCPATH\index.php(67): CodeIgniter\CodeIgniter->run()
CRITICAL - 2025-04-18 13:07:03 --> syntax error, unexpected token "public", expecting "," or ";"
in APPPATH\Controllers\Wilayah.php on line 12.
 1 SYSTEMPATH\Router\Router.php(499): CodeIgniter\Router\AutoRouter->getRoute('Wilayah')
 2 SYSTEMPATH\Router\Router.php(205): CodeIgniter\Router\Router->autoRoute('Wilayah')
 3 SYSTEMPATH\CodeIgniter.php(777): CodeIgniter\Router\Router->handle('Wilayah')
 4 SYSTEMPATH\CodeIgniter.php(406): CodeIgniter\CodeIgniter->tryToRouteIt(Object(CodeIgniter\Router\RouteCollection))
 5 SYSTEMPATH\CodeIgniter.php(340): CodeIgniter\CodeIgniter->handleRequest(null, Object(Config\Cache), false)
 6 FCPATH\index.php(67): CodeIgniter\CodeIgniter->run()
CRITICAL - 2025-04-18 18:51:29 --> Creation of dynamic property App\Controllers\Admin::$ModelSetting is deprecated
in APPPATH\Controllers\Admin.php on line 14.
 1 APPPATH\Controllers\Admin.php(14): CodeIgniter\Debug\Exceptions->errorHandler(8192, 'Creation of dynamic property App\\Controllers\\Admin::$ModelSetting is deprecated', 'APPPATH\\Controllers\\Admin.php', 14)
 2 SYSTEMPATH\CodeIgniter.php(864): App\Controllers\Admin->__construct()
 3 SYSTEMPATH\CodeIgniter.php(448): CodeIgniter\CodeIgniter->createController()
 4 SYSTEMPATH\CodeIgniter.php(340): CodeIgniter\CodeIgniter->handleRequest(null, Object(Config\Cache), false)
 5 FCPATH\index.php(67): CodeIgniter\CodeIgniter->run()
CRITICAL - 2025-04-18 18:53:06 --> Creation of dynamic property App\Controllers\Sekolah::$ModelWilayah is deprecated
in APPPATH\Controllers\Sekolah.php on line 15.
 1 APPPATH\Controllers\Sekolah.php(15): CodeIgniter\Debug\Exceptions->errorHandler(8192, 'Creation of dynamic property App\\Controllers\\Sekolah::$ModelWilayah is deprecated', 'APPPATH\\Controllers\\Sekolah.php', 15)
 2 SYSTEMPATH\CodeIgniter.php(864): App\Controllers\Sekolah->__construct()
 3 SYSTEMPATH\CodeIgniter.php(448): CodeIgniter\CodeIgniter->createController()
 4 SYSTEMPATH\CodeIgniter.php(340): CodeIgniter\CodeIgniter->handleRequest(null, Object(Config\Cache), false)
 5 FCPATH\index.php(67): CodeIgniter\CodeIgniter->run()
CRITICAL - 2025-04-18 18:53:25 --> Creation of dynamic property App\Controllers\User::$ModelUser is deprecated
in APPPATH\Controllers\User.php on line 12.
 1 APPPATH\Controllers\User.php(12): CodeIgniter\Debug\Exceptions->errorHandler(8192, 'Creation of dynamic property App\\Controllers\\User::$ModelUser is deprecated', 'APPPATH\\Controllers\\User.php', 12)
 2 SYSTEMPATH\CodeIgniter.php(864): App\Controllers\User->__construct()
 3 SYSTEMPATH\CodeIgniter.php(448): CodeIgniter\CodeIgniter->createController()
 4 SYSTEMPATH\CodeIgniter.php(340): CodeIgniter\CodeIgniter->handleRequest(null, Object(Config\Cache), false)
 5 FCPATH\index.php(67): CodeIgniter\CodeIgniter->run()
CRITICAL - 2025-04-18 18:53:33 --> Creation of dynamic property App\Controllers\Admin::$ModelSetting is deprecated
in APPPATH\Controllers\Admin.php on line 14.
 1 APPPATH\Controllers\Admin.php(14): CodeIgniter\Debug\Exceptions->errorHandler(8192, 'Creation of dynamic property App\\Controllers\\Admin::$ModelSetting is deprecated', 'APPPATH\\Controllers\\Admin.php', 14)
 2 SYSTEMPATH\CodeIgniter.php(864): App\Controllers\Admin->__construct()
 3 SYSTEMPATH\CodeIgniter.php(448): CodeIgniter\CodeIgniter->createController()
 4 SYSTEMPATH\CodeIgniter.php(340): CodeIgniter\CodeIgniter->handleRequest(null, Object(Config\Cache), false)
 5 FCPATH\index.php(67): CodeIgniter\CodeIgniter->run()
CRITICAL - 2025-04-18 18:53:40 --> Creation of dynamic property App\Controllers\Wilayah::$ModelWilayah is deprecated
in APPPATH\Controllers\Wilayah.php on line 13.
 1 APPPATH\Controllers\Wilayah.php(13): CodeIgniter\Debug\Exceptions->errorHandler(8192, 'Creation of dynamic property App\\Controllers\\Wilayah::$ModelWilayah is deprecated', 'APPPATH\\Controllers\\Wilayah.php', 13)
 2 SYSTEMPATH\CodeIgniter.php(864): App\Controllers\Wilayah->__construct()
 3 SYSTEMPATH\CodeIgniter.php(448): CodeIgniter\CodeIgniter->createController()
 4 SYSTEMPATH\CodeIgniter.php(340): CodeIgniter\CodeIgniter->handleRequest(null, Object(Config\Cache), false)
 5 FCPATH\index.php(67): CodeIgniter\CodeIgniter->run()
CRITICAL - 2025-04-18 18:53:44 --> Creation of dynamic property App\Controllers\Jenjang::$ModelJenjang is deprecated
in APPPATH\Controllers\Jenjang.php on line 12.
 1 APPPATH\Controllers\Jenjang.php(12): CodeIgniter\Debug\Exceptions->errorHandler(8192, 'Creation of dynamic property App\\Controllers\\Jenjang::$ModelJenjang is deprecated', 'APPPATH\\Controllers\\Jenjang.php', 12)
 2 SYSTEMPATH\CodeIgniter.php(864): App\Controllers\Jenjang->__construct()
 3 SYSTEMPATH\CodeIgniter.php(448): CodeIgniter\CodeIgniter->createController()
 4 SYSTEMPATH\CodeIgniter.php(340): CodeIgniter\CodeIgniter->handleRequest(null, Object(Config\Cache), false)
 5 FCPATH\index.php(67): CodeIgniter\CodeIgniter->run()
CRITICAL - 2025-04-18 18:53:45 --> Creation of dynamic property App\Controllers\Admin::$ModelSetting is deprecated
in APPPATH\Controllers\Admin.php on line 14.
 1 APPPATH\Controllers\Admin.php(14): CodeIgniter\Debug\Exceptions->errorHandler(8192, 'Creation of dynamic property App\\Controllers\\Admin::$ModelSetting is deprecated', 'APPPATH\\Controllers\\Admin.php', 14)
 2 SYSTEMPATH\CodeIgniter.php(864): App\Controllers\Admin->__construct()
 3 SYSTEMPATH\CodeIgniter.php(448): CodeIgniter\CodeIgniter->createController()
 4 SYSTEMPATH\CodeIgniter.php(340): CodeIgniter\CodeIgniter->handleRequest(null, Object(Config\Cache), false)
 5 FCPATH\index.php(67): CodeIgniter\CodeIgniter->run()
CRITICAL - 2025-04-18 18:53:51 --> Creation of dynamic property App\Controllers\Home::$ModelSetting is deprecated
in APPPATH\Controllers\Home.php on line 13.
 1 APPPATH\Controllers\Home.php(13): CodeIgniter\Debug\Exceptions->errorHandler(8192, 'Creation of dynamic property App\\Controllers\\Home::$ModelSetting is deprecated', 'APPPATH\\Controllers\\Home.php', 13)
 2 SYSTEMPATH\CodeIgniter.php(864): App\Controllers\Home->__construct()
 3 SYSTEMPATH\CodeIgniter.php(448): CodeIgniter\CodeIgniter->createController()
 4 SYSTEMPATH\CodeIgniter.php(340): CodeIgniter\CodeIgniter->handleRequest(null, Object(Config\Cache), false)
 5 FCPATH\index.php(67): CodeIgniter\CodeIgniter->run()
