ERROR - 2025-09-21 10:04:21 --> mysqli_sql_exception: Table 'db-webgis-sekolah-ci4.tbl_sekolah' doesn't exist in D:\laragon\www\gis_sekolah_ci4\system\Database\MySQLi\Connection.php:292
Stack trace:
#0 D:\laragon\www\gis_sekolah_ci4\system\Database\MySQLi\Connection.php(292): mysqli->query('SELECT *\nFROM `...', 0)
#1 D:\laragon\www\gis_sekolah_ci4\system\Database\BaseConnection.php(693): CodeIgniter\Database\MySQLi\Connection->execute('SELECT *\nFROM `...')
#2 D:\laragon\www\gis_sekolah_ci4\system\Database\BaseConnection.php(620): CodeIgniter\Database\BaseConnection->simpleQuery('SELECT *\nFROM `...')
#3 D:\laragon\www\gis_sekolah_ci4\system\Database\BaseBuilder.php(1585): CodeIgniter\Database\BaseConnection->query('SELECT *\nFROM `...', Array, false)
#4 D:\laragon\www\gis_sekolah_ci4\app\Models\ModelSekolah.php(13): CodeIgniter\Database\BaseBuilder->get()
#5 D:\laragon\www\gis_sekolah_ci4\app\Controllers\Home.php(31): App\Models\ModelSekolah->AllData()
#6 D:\laragon\www\gis_sekolah_ci4\system\CodeIgniter.php(902): App\Controllers\Home->index()
#7 D:\laragon\www\gis_sekolah_ci4\system\CodeIgniter.php(457): CodeIgniter\CodeIgniter->runController(Object(App\Controllers\Home))
#8 D:\laragon\www\gis_sekolah_ci4\system\CodeIgniter.php(340): CodeIgniter\CodeIgniter->handleRequest(NULL, Object(Config\Cache), false)
#9 D:\laragon\www\gis_sekolah_ci4\public\index.php(67): CodeIgniter\CodeIgniter->run()
#10 {main}
CRITICAL - 2025-09-21 10:04:21 --> Call to a member function getResultArray() on false
in APPPATH\Models\ModelSekolah.php on line 13.
 1 APPPATH\Controllers\Home.php(31): App\Models\ModelSekolah->AllData()
 2 SYSTEMPATH\CodeIgniter.php(902): App\Controllers\Home->index()
 3 SYSTEMPATH\CodeIgniter.php(457): CodeIgniter\CodeIgniter->runController(Object(App\Controllers\Home))
 4 SYSTEMPATH\CodeIgniter.php(340): CodeIgniter\CodeIgniter->handleRequest(null, Object(Config\Cache), false)
 5 FCPATH\index.php(67): CodeIgniter\CodeIgniter->run()
ERROR - 2025-09-21 10:04:29 --> mysqli_sql_exception: Table 'db-webgis-sekolah-ci4.tbl_sekolah' doesn't exist in D:\laragon\www\gis_sekolah_ci4\system\Database\MySQLi\Connection.php:292
Stack trace:
#0 D:\laragon\www\gis_sekolah_ci4\system\Database\MySQLi\Connection.php(292): mysqli->query('SELECT *\nFROM `...', 0)
#1 D:\laragon\www\gis_sekolah_ci4\system\Database\BaseConnection.php(693): CodeIgniter\Database\MySQLi\Connection->execute('SELECT *\nFROM `...')
#2 D:\laragon\www\gis_sekolah_ci4\system\Database\BaseConnection.php(620): CodeIgniter\Database\BaseConnection->simpleQuery('SELECT *\nFROM `...')
#3 D:\laragon\www\gis_sekolah_ci4\system\Database\BaseBuilder.php(1585): CodeIgniter\Database\BaseConnection->query('SELECT *\nFROM `...', Array, false)
#4 D:\laragon\www\gis_sekolah_ci4\app\Models\ModelSekolah.php(13): CodeIgniter\Database\BaseBuilder->get()
#5 D:\laragon\www\gis_sekolah_ci4\app\Controllers\Home.php(31): App\Models\ModelSekolah->AllData()
#6 D:\laragon\www\gis_sekolah_ci4\system\CodeIgniter.php(902): App\Controllers\Home->index()
#7 D:\laragon\www\gis_sekolah_ci4\system\CodeIgniter.php(457): CodeIgniter\CodeIgniter->runController(Object(App\Controllers\Home))
#8 D:\laragon\www\gis_sekolah_ci4\system\CodeIgniter.php(340): CodeIgniter\CodeIgniter->handleRequest(NULL, Object(Config\Cache), false)
#9 D:\laragon\www\gis_sekolah_ci4\public\index.php(67): CodeIgniter\CodeIgniter->run()
#10 {main}
CRITICAL - 2025-09-21 10:04:29 --> Call to a member function getResultArray() on false
in APPPATH\Models\ModelSekolah.php on line 13.
 1 APPPATH\Controllers\Home.php(31): App\Models\ModelSekolah->AllData()
 2 SYSTEMPATH\CodeIgniter.php(902): App\Controllers\Home->index()
 3 SYSTEMPATH\CodeIgniter.php(457): CodeIgniter\CodeIgniter->runController(Object(App\Controllers\Home))
 4 SYSTEMPATH\CodeIgniter.php(340): CodeIgniter\CodeIgniter->handleRequest(null, Object(Config\Cache), false)
 5 FCPATH\index.php(67): CodeIgniter\CodeIgniter->run()
ERROR - 2025-09-21 10:06:05 --> mysqli_sql_exception: Table 'db-webgis-sekolah-ci4.tbl_sekolah' doesn't exist in D:\laragon\www\gis_sekolah_ci4\system\Database\MySQLi\Connection.php:292
Stack trace:
#0 D:\laragon\www\gis_sekolah_ci4\system\Database\MySQLi\Connection.php(292): mysqli->query('SELECT COUNT(*)...', 0)
#1 D:\laragon\www\gis_sekolah_ci4\system\Database\BaseConnection.php(693): CodeIgniter\Database\MySQLi\Connection->execute('SELECT COUNT(*)...')
#2 D:\laragon\www\gis_sekolah_ci4\system\Database\BaseConnection.php(620): CodeIgniter\Database\BaseConnection->simpleQuery('SELECT COUNT(*)...')
#3 D:\laragon\www\gis_sekolah_ci4\system\Database\BaseBuilder.php(1614): CodeIgniter\Database\BaseConnection->query('SELECT COUNT(*)...', NULL, false)
#4 D:\laragon\www\gis_sekolah_ci4\app\Models\ModelAdmin.php(18): CodeIgniter\Database\BaseBuilder->countAll()
#5 D:\laragon\www\gis_sekolah_ci4\app\Controllers\Admin.php(27): App\Models\ModelAdmin->JmlSekolah()
#6 D:\laragon\www\gis_sekolah_ci4\system\CodeIgniter.php(902): App\Controllers\Admin->index()
#7 D:\laragon\www\gis_sekolah_ci4\system\CodeIgniter.php(457): CodeIgniter\CodeIgniter->runController(Object(App\Controllers\Admin))
#8 D:\laragon\www\gis_sekolah_ci4\system\CodeIgniter.php(340): CodeIgniter\CodeIgniter->handleRequest(NULL, Object(Config\Cache), false)
#9 D:\laragon\www\gis_sekolah_ci4\public\index.php(67): CodeIgniter\CodeIgniter->run()
#10 {main}
CRITICAL - 2025-09-21 10:06:05 --> Call to a member function getResult() on false
in SYSTEMPATH\Database\BaseBuilder.php on line 1616.
 1 APPPATH\Models\ModelAdmin.php(18): CodeIgniter\Database\BaseBuilder->countAll()
 2 APPPATH\Controllers\Admin.php(27): App\Models\ModelAdmin->JmlSekolah()
 3 SYSTEMPATH\CodeIgniter.php(902): App\Controllers\Admin->index()
 4 SYSTEMPATH\CodeIgniter.php(457): CodeIgniter\CodeIgniter->runController(Object(App\Controllers\Admin))
 5 SYSTEMPATH\CodeIgniter.php(340): CodeIgniter\CodeIgniter->handleRequest(null, Object(Config\Cache), false)
 6 FCPATH\index.php(67): CodeIgniter\CodeIgniter->run()
ERROR - 2025-09-21 10:08:11 --> mysqli_sql_exception: Table 'db-webgis-sekolah-ci4.tbl_sekolah' doesn't exist in D:\laragon\www\gis_sekolah_ci4\system\Database\MySQLi\Connection.php:292
Stack trace:
#0 D:\laragon\www\gis_sekolah_ci4\system\Database\MySQLi\Connection.php(292): mysqli->query('SELECT COUNT(*)...', 0)
#1 D:\laragon\www\gis_sekolah_ci4\system\Database\BaseConnection.php(693): CodeIgniter\Database\MySQLi\Connection->execute('SELECT COUNT(*)...')
#2 D:\laragon\www\gis_sekolah_ci4\system\Database\BaseConnection.php(620): CodeIgniter\Database\BaseConnection->simpleQuery('SELECT COUNT(*)...')
#3 D:\laragon\www\gis_sekolah_ci4\system\Database\BaseBuilder.php(1614): CodeIgniter\Database\BaseConnection->query('SELECT COUNT(*)...', NULL, false)
#4 D:\laragon\www\gis_sekolah_ci4\app\Models\ModelAdmin.php(18): CodeIgniter\Database\BaseBuilder->countAll()
#5 D:\laragon\www\gis_sekolah_ci4\app\Controllers\Admin.php(27): App\Models\ModelAdmin->JmlSekolah()
#6 D:\laragon\www\gis_sekolah_ci4\system\CodeIgniter.php(902): App\Controllers\Admin->index()
#7 D:\laragon\www\gis_sekolah_ci4\system\CodeIgniter.php(457): CodeIgniter\CodeIgniter->runController(Object(App\Controllers\Admin))
#8 D:\laragon\www\gis_sekolah_ci4\system\CodeIgniter.php(340): CodeIgniter\CodeIgniter->handleRequest(NULL, Object(Config\Cache), false)
#9 D:\laragon\www\gis_sekolah_ci4\public\index.php(67): CodeIgniter\CodeIgniter->run()
#10 {main}
CRITICAL - 2025-09-21 10:08:11 --> Table 'db-webgis-sekolah-ci4.tbl_sekolah' doesn't exist
in SYSTEMPATH\Database\MySQLi\Connection.php on line 292.
 1 SYSTEMPATH\Database\MySQLi\Connection.php(292): mysqli->query('SELECT COUNT(*) AS `numrows` FROM `tbl_sekolah`', 0)
 2 SYSTEMPATH\Database\BaseConnection.php(693): CodeIgniter\Database\MySQLi\Connection->execute('SELECT COUNT(*) AS `numrows` FROM `tbl_sekolah`')
 3 SYSTEMPATH\Database\BaseConnection.php(620): CodeIgniter\Database\BaseConnection->simpleQuery('SELECT COUNT(*) AS `numrows` FROM `tbl_sekolah`')
 4 SYSTEMPATH\Database\BaseBuilder.php(1614): CodeIgniter\Database\BaseConnection->query('SELECT COUNT(*) AS `numrows` FROM `tbl_sekolah`', null, false)
 5 APPPATH\Models\ModelAdmin.php(18): CodeIgniter\Database\BaseBuilder->countAll()
 6 APPPATH\Controllers\Admin.php(27): App\Models\ModelAdmin->JmlSekolah()
 7 SYSTEMPATH\CodeIgniter.php(902): App\Controllers\Admin->index()
 8 SYSTEMPATH\CodeIgniter.php(457): CodeIgniter\CodeIgniter->runController(Object(App\Controllers\Admin))
 9 SYSTEMPATH\CodeIgniter.php(340): CodeIgniter\CodeIgniter->handleRequest(null, Object(Config\Cache), false)
10 FCPATH\index.php(67): CodeIgniter\CodeIgniter->run()
ERROR - 2025-09-21 10:11:45 --> Error connecting to the database: mysqli_sql_exception: Unknown database 'db-webgis-sekolah-ci4' in D:\laragon\www\gis_sekolah_ci4\system\Database\MySQLi\Connection.php:170
Stack trace:
#0 D:\laragon\www\gis_sekolah_ci4\system\Database\MySQLi\Connection.php(170): mysqli->real_connect('localhost', 'root', Object(SensitiveParameterValue), 'db-webgis-sekol...', 3306, '', 0)
#1 D:\laragon\www\gis_sekolah_ci4\system\Database\BaseConnection.php(382): CodeIgniter\Database\MySQLi\Connection->connect(false)
#2 D:\laragon\www\gis_sekolah_ci4\system\Database\BaseConnection.php(588): CodeIgniter\Database\BaseConnection->initialize()
#3 D:\laragon\www\gis_sekolah_ci4\system\Database\BaseBuilder.php(1614): CodeIgniter\Database\BaseConnection->query('SELECT COUNT(*)...', NULL, false)
#4 D:\laragon\www\gis_sekolah_ci4\app\Models\ModelAdmin.php(18): CodeIgniter\Database\BaseBuilder->countAll()
#5 D:\laragon\www\gis_sekolah_ci4\app\Controllers\Admin.php(27): App\Models\ModelAdmin->JmlSekolah()
#6 D:\laragon\www\gis_sekolah_ci4\system\CodeIgniter.php(902): App\Controllers\Admin->index()
#7 D:\laragon\www\gis_sekolah_ci4\system\CodeIgniter.php(457): CodeIgniter\CodeIgniter->runController(Object(App\Controllers\Admin))
#8 D:\laragon\www\gis_sekolah_ci4\system\CodeIgniter.php(340): CodeIgniter\CodeIgniter->handleRequest(NULL, Object(Config\Cache), false)
#9 D:\laragon\www\gis_sekolah_ci4\public\index.php(67): CodeIgniter\CodeIgniter->run()
#10 {main}

Next CodeIgniter\Database\Exceptions\DatabaseException: Unknown database 'db-webgis-sekolah-ci4' in D:\laragon\www\gis_sekolah_ci4\system\Database\MySQLi\Connection.php:215
Stack trace:
#0 D:\laragon\www\gis_sekolah_ci4\system\Database\BaseConnection.php(382): CodeIgniter\Database\MySQLi\Connection->connect(false)
#1 D:\laragon\www\gis_sekolah_ci4\system\Database\BaseConnection.php(588): CodeIgniter\Database\BaseConnection->initialize()
#2 D:\laragon\www\gis_sekolah_ci4\system\Database\BaseBuilder.php(1614): CodeIgniter\Database\BaseConnection->query('SELECT COUNT(*)...', NULL, false)
#3 D:\laragon\www\gis_sekolah_ci4\app\Models\ModelAdmin.php(18): CodeIgniter\Database\BaseBuilder->countAll()
#4 D:\laragon\www\gis_sekolah_ci4\app\Controllers\Admin.php(27): App\Models\ModelAdmin->JmlSekolah()
#5 D:\laragon\www\gis_sekolah_ci4\system\CodeIgniter.php(902): App\Controllers\Admin->index()
#6 D:\laragon\www\gis_sekolah_ci4\system\CodeIgniter.php(457): CodeIgniter\CodeIgniter->runController(Object(App\Controllers\Admin))
#7 D:\laragon\www\gis_sekolah_ci4\system\CodeIgniter.php(340): CodeIgniter\CodeIgniter->handleRequest(NULL, Object(Config\Cache), false)
#8 D:\laragon\www\gis_sekolah_ci4\public\index.php(67): CodeIgniter\CodeIgniter->run()
#9 {main}
CRITICAL - 2025-09-21 10:11:45 --> Unable to connect to the database.
Main connection [MySQLi]: Unknown database 'db-webgis-sekolah-ci4'
in SYSTEMPATH\Database\BaseConnection.php on line 418.
 1 SYSTEMPATH\Database\BaseConnection.php(588): CodeIgniter\Database\BaseConnection->initialize()
 2 SYSTEMPATH\Database\BaseBuilder.php(1614): CodeIgniter\Database\BaseConnection->query('SELECT COUNT(*) AS `numrows` FROM `tbl_sekolah`', null, false)
 3 APPPATH\Models\ModelAdmin.php(18): CodeIgniter\Database\BaseBuilder->countAll()
 4 APPPATH\Controllers\Admin.php(27): App\Models\ModelAdmin->JmlSekolah()
 5 SYSTEMPATH\CodeIgniter.php(902): App\Controllers\Admin->index()
 6 SYSTEMPATH\CodeIgniter.php(457): CodeIgniter\CodeIgniter->runController(Object(App\Controllers\Admin))
 7 SYSTEMPATH\CodeIgniter.php(340): CodeIgniter\CodeIgniter->handleRequest(null, Object(Config\Cache), false)
 8 FCPATH\index.php(67): CodeIgniter\CodeIgniter->run()
ERROR - 2025-09-21 10:11:46 --> Error connecting to the database: mysqli_sql_exception: Unknown database 'db-webgis-sekolah-ci4' in D:\laragon\www\gis_sekolah_ci4\system\Database\MySQLi\Connection.php:170
Stack trace:
#0 D:\laragon\www\gis_sekolah_ci4\system\Database\MySQLi\Connection.php(170): mysqli->real_connect('localhost', 'root', Object(SensitiveParameterValue), 'db-webgis-sekol...', 3306, '', 0)
#1 D:\laragon\www\gis_sekolah_ci4\system\Database\BaseConnection.php(382): CodeIgniter\Database\MySQLi\Connection->connect(false)
#2 D:\laragon\www\gis_sekolah_ci4\system\Database\BaseConnection.php(588): CodeIgniter\Database\BaseConnection->initialize()
#3 D:\laragon\www\gis_sekolah_ci4\system\Database\BaseBuilder.php(1614): CodeIgniter\Database\BaseConnection->query('SELECT COUNT(*)...', NULL, false)
#4 D:\laragon\www\gis_sekolah_ci4\app\Models\ModelAdmin.php(18): CodeIgniter\Database\BaseBuilder->countAll()
#5 D:\laragon\www\gis_sekolah_ci4\app\Controllers\Admin.php(27): App\Models\ModelAdmin->JmlSekolah()
#6 D:\laragon\www\gis_sekolah_ci4\system\CodeIgniter.php(902): App\Controllers\Admin->index()
#7 D:\laragon\www\gis_sekolah_ci4\system\CodeIgniter.php(457): CodeIgniter\CodeIgniter->runController(Object(App\Controllers\Admin))
#8 D:\laragon\www\gis_sekolah_ci4\system\CodeIgniter.php(340): CodeIgniter\CodeIgniter->handleRequest(NULL, Object(Config\Cache), false)
#9 D:\laragon\www\gis_sekolah_ci4\public\index.php(67): CodeIgniter\CodeIgniter->run()
#10 {main}

Next CodeIgniter\Database\Exceptions\DatabaseException: Unknown database 'db-webgis-sekolah-ci4' in D:\laragon\www\gis_sekolah_ci4\system\Database\MySQLi\Connection.php:215
Stack trace:
#0 D:\laragon\www\gis_sekolah_ci4\system\Database\BaseConnection.php(382): CodeIgniter\Database\MySQLi\Connection->connect(false)
#1 D:\laragon\www\gis_sekolah_ci4\system\Database\BaseConnection.php(588): CodeIgniter\Database\BaseConnection->initialize()
#2 D:\laragon\www\gis_sekolah_ci4\system\Database\BaseBuilder.php(1614): CodeIgniter\Database\BaseConnection->query('SELECT COUNT(*)...', NULL, false)
#3 D:\laragon\www\gis_sekolah_ci4\app\Models\ModelAdmin.php(18): CodeIgniter\Database\BaseBuilder->countAll()
#4 D:\laragon\www\gis_sekolah_ci4\app\Controllers\Admin.php(27): App\Models\ModelAdmin->JmlSekolah()
#5 D:\laragon\www\gis_sekolah_ci4\system\CodeIgniter.php(902): App\Controllers\Admin->index()
#6 D:\laragon\www\gis_sekolah_ci4\system\CodeIgniter.php(457): CodeIgniter\CodeIgniter->runController(Object(App\Controllers\Admin))
#7 D:\laragon\www\gis_sekolah_ci4\system\CodeIgniter.php(340): CodeIgniter\CodeIgniter->handleRequest(NULL, Object(Config\Cache), false)
#8 D:\laragon\www\gis_sekolah_ci4\public\index.php(67): CodeIgniter\CodeIgniter->run()
#9 {main}
CRITICAL - 2025-09-21 10:11:46 --> Unable to connect to the database.
Main connection [MySQLi]: Unknown database 'db-webgis-sekolah-ci4'
in SYSTEMPATH\Database\BaseConnection.php on line 418.
 1 SYSTEMPATH\Database\BaseConnection.php(588): CodeIgniter\Database\BaseConnection->initialize()
 2 SYSTEMPATH\Database\BaseBuilder.php(1614): CodeIgniter\Database\BaseConnection->query('SELECT COUNT(*) AS `numrows` FROM `tbl_sekolah`', null, false)
 3 APPPATH\Models\ModelAdmin.php(18): CodeIgniter\Database\BaseBuilder->countAll()
 4 APPPATH\Controllers\Admin.php(27): App\Models\ModelAdmin->JmlSekolah()
 5 SYSTEMPATH\CodeIgniter.php(902): App\Controllers\Admin->index()
 6 SYSTEMPATH\CodeIgniter.php(457): CodeIgniter\CodeIgniter->runController(Object(App\Controllers\Admin))
 7 SYSTEMPATH\CodeIgniter.php(340): CodeIgniter\CodeIgniter->handleRequest(null, Object(Config\Cache), false)
 8 FCPATH\index.php(67): CodeIgniter\CodeIgniter->run()
CRITICAL - 2025-09-21 10:14:33 --> unlink(foto/monero.jpg): No such file or directory
in APPPATH\Controllers\User.php on line 192.
 1 [internal function]: CodeIgniter\Debug\Exceptions->errorHandler(2, 'unlink(foto/monero.jpg): No such file or directory', 'APPPATH\\Controllers\\User.php', 192)
 2 APPPATH\Controllers\User.php(192): unlink('foto/monero.jpg')
 3 SYSTEMPATH\CodeIgniter.php(902): App\Controllers\User->Delete('2')
 4 SYSTEMPATH\CodeIgniter.php(457): CodeIgniter\CodeIgniter->runController(Object(App\Controllers\User))
 5 SYSTEMPATH\CodeIgniter.php(340): CodeIgniter\CodeIgniter->handleRequest(null, Object(Config\Cache), false)
 6 FCPATH\index.php(67): CodeIgniter\CodeIgniter->run()
CRITICAL - 2025-09-21 10:17:14 --> unlink(foto/monero.jpg): No such file or directory
in APPPATH\Controllers\User.php on line 192.
 1 [internal function]: CodeIgniter\Debug\Exceptions->errorHandler(2, 'unlink(foto/monero.jpg): No such file or directory', 'APPPATH\\Controllers\\User.php', 192)
 2 APPPATH\Controllers\User.php(192): unlink('foto/monero.jpg')
 3 SYSTEMPATH\CodeIgniter.php(902): App\Controllers\User->Delete('2')
 4 SYSTEMPATH\CodeIgniter.php(457): CodeIgniter\CodeIgniter->runController(Object(App\Controllers\User))
 5 SYSTEMPATH\CodeIgniter.php(340): CodeIgniter\CodeIgniter->handleRequest(null, Object(Config\Cache), false)
 6 FCPATH\index.php(67): CodeIgniter\CodeIgniter->run()
CRITICAL - 2025-09-21 10:17:35 --> unlink(foto/monero.jpg): No such file or directory
in APPPATH\Controllers\User.php on line 192.
 1 [internal function]: CodeIgniter\Debug\Exceptions->errorHandler(2, 'unlink(foto/monero.jpg): No such file or directory', 'APPPATH\\Controllers\\User.php', 192)
 2 APPPATH\Controllers\User.php(192): unlink('foto/monero.jpg')
 3 SYSTEMPATH\CodeIgniter.php(902): App\Controllers\User->Delete('2')
 4 SYSTEMPATH\CodeIgniter.php(457): CodeIgniter\CodeIgniter->runController(Object(App\Controllers\User))
 5 SYSTEMPATH\CodeIgniter.php(340): CodeIgniter\CodeIgniter->handleRequest(null, Object(Config\Cache), false)
 6 FCPATH\index.php(67): CodeIgniter\CodeIgniter->run()
CRITICAL - 2025-09-21 10:17:40 --> unlink(foto/monero.jpg): No such file or directory
in APPPATH\Controllers\User.php on line 192.
 1 [internal function]: CodeIgniter\Debug\Exceptions->errorHandler(2, 'unlink(foto/monero.jpg): No such file or directory', 'APPPATH\\Controllers\\User.php', 192)
 2 APPPATH\Controllers\User.php(192): unlink('foto/monero.jpg')
 3 SYSTEMPATH\CodeIgniter.php(902): App\Controllers\User->Delete('2')
 4 SYSTEMPATH\CodeIgniter.php(457): CodeIgniter\CodeIgniter->runController(Object(App\Controllers\User))
 5 SYSTEMPATH\CodeIgniter.php(340): CodeIgniter\CodeIgniter->handleRequest(null, Object(Config\Cache), false)
 6 FCPATH\index.php(67): CodeIgniter\CodeIgniter->run()
