CRITICAL - 2025-05-14 13:20:23 --> Undefined array key "coordinat_wilayah"
in APPPATH\Views\wilayah\v_index.php on line 109.
 1 APPPATH\Views\wilayah\v_index.php(109): CodeIgniter\Debug\Exceptions->errorHandler(2, 'Undefined array key "coordinat_wilayah"', 'APPPATH\\Views\\wilayah\\v_index.php', 109)
 2 SYSTEMPATH\View\View.php(213): include('APPPATH\\Views\\wilayah\\v_index.php')
 3 SYSTEMPATH\View\View.php(216): CodeIgniter\View\View->CodeIgniter\View\{closure}()
 4 SYSTEMPATH\Common.php(1142): CodeIgniter\View\View->render('wilayah/v_index', [], true)
 5 APPPATH\Views\v_template_back_end.php(217): view('wilayah/v_index')
 6 SYSTEMPATH\View\View.php(213): include('APPPATH\\Views\\v_template_back_end.php')
 7 SYSTEMPATH\View\View.php(216): CodeIgniter\View\View->CodeIgniter\View\{closure}()
 8 SYSTEMPATH\Common.php(1142): CodeIgniter\View\View->render('v_template_back_end', [], true)
 9 APPPATH\Controllers\Wilayah.php(26): view('v_template_back_end', [...])
10 SYSTEMPATH\CodeIgniter.php(902): App\Controllers\Wilayah->index()
11 SYSTEMPATH\CodeIgniter.php(457): CodeIgniter\CodeIgniter->runController(Object(App\Controllers\Wilayah))
12 SYSTEMPATH\CodeIgniter.php(340): CodeIgniter\CodeIgniter->handleRequest(null, Object(Config\Cache), false)
13 FCPATH\index.php(67): CodeIgniter\CodeIgniter->run()
CRITICAL - 2025-05-14 13:20:25 --> Undefined array key "coordinat_wilayah"
in APPPATH\Views\wilayah\v_index.php on line 109.
 1 APPPATH\Views\wilayah\v_index.php(109): CodeIgniter\Debug\Exceptions->errorHandler(2, 'Undefined array key "coordinat_wilayah"', 'APPPATH\\Views\\wilayah\\v_index.php', 109)
 2 SYSTEMPATH\View\View.php(213): include('APPPATH\\Views\\wilayah\\v_index.php')
 3 SYSTEMPATH\View\View.php(216): CodeIgniter\View\View->CodeIgniter\View\{closure}()
 4 SYSTEMPATH\Common.php(1142): CodeIgniter\View\View->render('wilayah/v_index', [], true)
 5 APPPATH\Views\v_template_back_end.php(217): view('wilayah/v_index')
 6 SYSTEMPATH\View\View.php(213): include('APPPATH\\Views\\v_template_back_end.php')
 7 SYSTEMPATH\View\View.php(216): CodeIgniter\View\View->CodeIgniter\View\{closure}()
 8 SYSTEMPATH\Common.php(1142): CodeIgniter\View\View->render('v_template_back_end', [], true)
 9 APPPATH\Controllers\Wilayah.php(26): view('v_template_back_end', [...])
10 SYSTEMPATH\CodeIgniter.php(902): App\Controllers\Wilayah->index()
11 SYSTEMPATH\CodeIgniter.php(457): CodeIgniter\CodeIgniter->runController(Object(App\Controllers\Wilayah))
12 SYSTEMPATH\CodeIgniter.php(340): CodeIgniter\CodeIgniter->handleRequest(null, Object(Config\Cache), false)
13 FCPATH\index.php(67): CodeIgniter\CodeIgniter->run()
CRITICAL - 2025-05-14 13:20:48 --> Undefined array key "coordinat_wilayah"
in APPPATH\Views\wilayah\v_index.php on line 109.
 1 APPPATH\Views\wilayah\v_index.php(109): CodeIgniter\Debug\Exceptions->errorHandler(2, 'Undefined array key "coordinat_wilayah"', 'APPPATH\\Views\\wilayah\\v_index.php', 109)
 2 SYSTEMPATH\View\View.php(213): include('APPPATH\\Views\\wilayah\\v_index.php')
 3 SYSTEMPATH\View\View.php(216): CodeIgniter\View\View->CodeIgniter\View\{closure}()
 4 SYSTEMPATH\Common.php(1142): CodeIgniter\View\View->render('wilayah/v_index', [], true)
 5 APPPATH\Views\v_template_back_end.php(217): view('wilayah/v_index')
 6 SYSTEMPATH\View\View.php(213): include('APPPATH\\Views\\v_template_back_end.php')
 7 SYSTEMPATH\View\View.php(216): CodeIgniter\View\View->CodeIgniter\View\{closure}()
 8 SYSTEMPATH\Common.php(1142): CodeIgniter\View\View->render('v_template_back_end', [], true)
 9 APPPATH\Controllers\Wilayah.php(26): view('v_template_back_end', [...])
10 SYSTEMPATH\CodeIgniter.php(902): App\Controllers\Wilayah->index()
11 SYSTEMPATH\CodeIgniter.php(457): CodeIgniter\CodeIgniter->runController(Object(App\Controllers\Wilayah))
12 SYSTEMPATH\CodeIgniter.php(340): CodeIgniter\CodeIgniter->handleRequest(null, Object(Config\Cache), false)
13 FCPATH\index.php(67): CodeIgniter\CodeIgniter->run()
CRITICAL - 2025-05-14 13:20:50 --> Undefined array key "coordinat_wilayah"
in APPPATH\Views\wilayah\v_index.php on line 109.
 1 APPPATH\Views\wilayah\v_index.php(109): CodeIgniter\Debug\Exceptions->errorHandler(2, 'Undefined array key "coordinat_wilayah"', 'APPPATH\\Views\\wilayah\\v_index.php', 109)
 2 SYSTEMPATH\View\View.php(213): include('APPPATH\\Views\\wilayah\\v_index.php')
 3 SYSTEMPATH\View\View.php(216): CodeIgniter\View\View->CodeIgniter\View\{closure}()
 4 SYSTEMPATH\Common.php(1142): CodeIgniter\View\View->render('wilayah/v_index', [], true)
 5 APPPATH\Views\v_template_back_end.php(217): view('wilayah/v_index')
 6 SYSTEMPATH\View\View.php(213): include('APPPATH\\Views\\v_template_back_end.php')
 7 SYSTEMPATH\View\View.php(216): CodeIgniter\View\View->CodeIgniter\View\{closure}()
 8 SYSTEMPATH\Common.php(1142): CodeIgniter\View\View->render('v_template_back_end', [], true)
 9 APPPATH\Controllers\Wilayah.php(26): view('v_template_back_end', [...])
10 SYSTEMPATH\CodeIgniter.php(902): App\Controllers\Wilayah->index()
11 SYSTEMPATH\CodeIgniter.php(457): CodeIgniter\CodeIgniter->runController(Object(App\Controllers\Wilayah))
12 SYSTEMPATH\CodeIgniter.php(340): CodeIgniter\CodeIgniter->handleRequest(null, Object(Config\Cache), false)
13 FCPATH\index.php(67): CodeIgniter\CodeIgniter->run()
CRITICAL - 2025-05-14 13:20:51 --> Undefined array key "coordinat_wilayah"
in APPPATH\Views\wilayah\v_index.php on line 109.
 1 APPPATH\Views\wilayah\v_index.php(109): CodeIgniter\Debug\Exceptions->errorHandler(2, 'Undefined array key "coordinat_wilayah"', 'APPPATH\\Views\\wilayah\\v_index.php', 109)
 2 SYSTEMPATH\View\View.php(213): include('APPPATH\\Views\\wilayah\\v_index.php')
 3 SYSTEMPATH\View\View.php(216): CodeIgniter\View\View->CodeIgniter\View\{closure}()
 4 SYSTEMPATH\Common.php(1142): CodeIgniter\View\View->render('wilayah/v_index', [], true)
 5 APPPATH\Views\v_template_back_end.php(217): view('wilayah/v_index')
 6 SYSTEMPATH\View\View.php(213): include('APPPATH\\Views\\v_template_back_end.php')
 7 SYSTEMPATH\View\View.php(216): CodeIgniter\View\View->CodeIgniter\View\{closure}()
 8 SYSTEMPATH\Common.php(1142): CodeIgniter\View\View->render('v_template_back_end', [], true)
 9 APPPATH\Controllers\Wilayah.php(26): view('v_template_back_end', [...])
10 SYSTEMPATH\CodeIgniter.php(902): App\Controllers\Wilayah->index()
11 SYSTEMPATH\CodeIgniter.php(457): CodeIgniter\CodeIgniter->runController(Object(App\Controllers\Wilayah))
12 SYSTEMPATH\CodeIgniter.php(340): CodeIgniter\CodeIgniter->handleRequest(null, Object(Config\Cache), false)
13 FCPATH\index.php(67): CodeIgniter\CodeIgniter->run()
CRITICAL - 2025-05-14 13:20:54 --> Undefined array key "coordinat_wilayah"
in APPPATH\Views\wilayah\v_index.php on line 109.
 1 APPPATH\Views\wilayah\v_index.php(109): CodeIgniter\Debug\Exceptions->errorHandler(2, 'Undefined array key "coordinat_wilayah"', 'APPPATH\\Views\\wilayah\\v_index.php', 109)
 2 SYSTEMPATH\View\View.php(213): include('APPPATH\\Views\\wilayah\\v_index.php')
 3 SYSTEMPATH\View\View.php(216): CodeIgniter\View\View->CodeIgniter\View\{closure}()
 4 SYSTEMPATH\Common.php(1142): CodeIgniter\View\View->render('wilayah/v_index', [], true)
 5 APPPATH\Views\v_template_back_end.php(217): view('wilayah/v_index')
 6 SYSTEMPATH\View\View.php(213): include('APPPATH\\Views\\v_template_back_end.php')
 7 SYSTEMPATH\View\View.php(216): CodeIgniter\View\View->CodeIgniter\View\{closure}()
 8 SYSTEMPATH\Common.php(1142): CodeIgniter\View\View->render('v_template_back_end', [], true)
 9 APPPATH\Controllers\Wilayah.php(26): view('v_template_back_end', [...])
10 SYSTEMPATH\CodeIgniter.php(902): App\Controllers\Wilayah->index()
11 SYSTEMPATH\CodeIgniter.php(457): CodeIgniter\CodeIgniter->runController(Object(App\Controllers\Wilayah))
12 SYSTEMPATH\CodeIgniter.php(340): CodeIgniter\CodeIgniter->handleRequest(null, Object(Config\Cache), false)
13 FCPATH\index.php(67): CodeIgniter\CodeIgniter->run()
CRITICAL - 2025-05-14 13:20:58 --> Undefined array key "coordinat_wilayah"
in APPPATH\Views\wilayah\v_index.php on line 109.
 1 APPPATH\Views\wilayah\v_index.php(109): CodeIgniter\Debug\Exceptions->errorHandler(2, 'Undefined array key "coordinat_wilayah"', 'APPPATH\\Views\\wilayah\\v_index.php', 109)
 2 SYSTEMPATH\View\View.php(213): include('APPPATH\\Views\\wilayah\\v_index.php')
 3 SYSTEMPATH\View\View.php(216): CodeIgniter\View\View->CodeIgniter\View\{closure}()
 4 SYSTEMPATH\Common.php(1142): CodeIgniter\View\View->render('wilayah/v_index', [], true)
 5 APPPATH\Views\v_template_back_end.php(217): view('wilayah/v_index')
 6 SYSTEMPATH\View\View.php(213): include('APPPATH\\Views\\v_template_back_end.php')
 7 SYSTEMPATH\View\View.php(216): CodeIgniter\View\View->CodeIgniter\View\{closure}()
 8 SYSTEMPATH\Common.php(1142): CodeIgniter\View\View->render('v_template_back_end', [], true)
 9 APPPATH\Controllers\Wilayah.php(26): view('v_template_back_end', [...])
10 SYSTEMPATH\CodeIgniter.php(902): App\Controllers\Wilayah->index()
11 SYSTEMPATH\CodeIgniter.php(457): CodeIgniter\CodeIgniter->runController(Object(App\Controllers\Wilayah))
12 SYSTEMPATH\CodeIgniter.php(340): CodeIgniter\CodeIgniter->handleRequest(null, Object(Config\Cache), false)
13 FCPATH\index.php(67): CodeIgniter\CodeIgniter->run()
CRITICAL - 2025-05-14 13:21:05 --> Undefined array key "coordinat_wilayah"
in APPPATH\Views\wilayah\v_index.php on line 109.
 1 APPPATH\Views\wilayah\v_index.php(109): CodeIgniter\Debug\Exceptions->errorHandler(2, 'Undefined array key "coordinat_wilayah"', 'APPPATH\\Views\\wilayah\\v_index.php', 109)
 2 SYSTEMPATH\View\View.php(213): include('APPPATH\\Views\\wilayah\\v_index.php')
 3 SYSTEMPATH\View\View.php(216): CodeIgniter\View\View->CodeIgniter\View\{closure}()
 4 SYSTEMPATH\Common.php(1142): CodeIgniter\View\View->render('wilayah/v_index', [], true)
 5 APPPATH\Views\v_template_back_end.php(217): view('wilayah/v_index')
 6 SYSTEMPATH\View\View.php(213): include('APPPATH\\Views\\v_template_back_end.php')
 7 SYSTEMPATH\View\View.php(216): CodeIgniter\View\View->CodeIgniter\View\{closure}()
 8 SYSTEMPATH\Common.php(1142): CodeIgniter\View\View->render('v_template_back_end', [], true)
 9 APPPATH\Controllers\Wilayah.php(26): view('v_template_back_end', [...])
10 SYSTEMPATH\CodeIgniter.php(902): App\Controllers\Wilayah->index()
11 SYSTEMPATH\CodeIgniter.php(457): CodeIgniter\CodeIgniter->runController(Object(App\Controllers\Wilayah))
12 SYSTEMPATH\CodeIgniter.php(340): CodeIgniter\CodeIgniter->handleRequest(null, Object(Config\Cache), false)
13 FCPATH\index.php(67): CodeIgniter\CodeIgniter->run()
CRITICAL - 2025-05-14 13:52:50 --> syntax error, unexpected token "public", expecting end of file
in APPPATH\Controllers\Sekolah.php on line 335.
 1 SYSTEMPATH\Router\Router.php(499): CodeIgniter\Router\AutoRouter->getRoute('Sekolah/Jenjang/1')
 2 SYSTEMPATH\Router\Router.php(205): CodeIgniter\Router\Router->autoRoute('Sekolah/Jenjang/1')
 3 SYSTEMPATH\CodeIgniter.php(777): CodeIgniter\Router\Router->handle('Sekolah/Jenjang/1')
 4 SYSTEMPATH\CodeIgniter.php(406): CodeIgniter\CodeIgniter->tryToRouteIt(Object(CodeIgniter\Router\RouteCollection))
 5 SYSTEMPATH\CodeIgniter.php(340): CodeIgniter\CodeIgniter->handleRequest(null, Object(Config\Cache), false)
 6 FCPATH\index.php(67): CodeIgniter\CodeIgniter->run()
CRITICAL - 2025-05-14 13:52:52 --> syntax error, unexpected token "public", expecting end of file
in APPPATH\Controllers\Sekolah.php on line 335.
 1 SYSTEMPATH\Router\Router.php(499): CodeIgniter\Router\AutoRouter->getRoute('Sekolah/Jenjang/2')
 2 SYSTEMPATH\Router\Router.php(205): CodeIgniter\Router\Router->autoRoute('Sekolah/Jenjang/2')
 3 SYSTEMPATH\CodeIgniter.php(777): CodeIgniter\Router\Router->handle('Sekolah/Jenjang/2')
 4 SYSTEMPATH\CodeIgniter.php(406): CodeIgniter\CodeIgniter->tryToRouteIt(Object(CodeIgniter\Router\RouteCollection))
 5 SYSTEMPATH\CodeIgniter.php(340): CodeIgniter\CodeIgniter->handleRequest(null, Object(Config\Cache), false)
 6 FCPATH\index.php(67): CodeIgniter\CodeIgniter->run()
CRITICAL - 2025-05-14 13:52:54 --> syntax error, unexpected token "public", expecting end of file
in APPPATH\Controllers\Sekolah.php on line 335.
 1 SYSTEMPATH\Router\Router.php(499): CodeIgniter\Router\AutoRouter->getRoute('Sekolah/Jenjang/3')
 2 SYSTEMPATH\Router\Router.php(205): CodeIgniter\Router\Router->autoRoute('Sekolah/Jenjang/3')
 3 SYSTEMPATH\CodeIgniter.php(777): CodeIgniter\Router\Router->handle('Sekolah/Jenjang/3')
 4 SYSTEMPATH\CodeIgniter.php(406): CodeIgniter\CodeIgniter->tryToRouteIt(Object(CodeIgniter\Router\RouteCollection))
 5 SYSTEMPATH\CodeIgniter.php(340): CodeIgniter\CodeIgniter->handleRequest(null, Object(Config\Cache), false)
 6 FCPATH\index.php(67): CodeIgniter\CodeIgniter->run()
CRITICAL - 2025-05-14 13:52:56 --> syntax error, unexpected token "public", expecting end of file
in APPPATH\Controllers\Sekolah.php on line 335.
 1 SYSTEMPATH\Router\Router.php(499): CodeIgniter\Router\AutoRouter->getRoute('Sekolah/Jenjang/4')
 2 SYSTEMPATH\Router\Router.php(205): CodeIgniter\Router\Router->autoRoute('Sekolah/Jenjang/4')
 3 SYSTEMPATH\CodeIgniter.php(777): CodeIgniter\Router\Router->handle('Sekolah/Jenjang/4')
 4 SYSTEMPATH\CodeIgniter.php(406): CodeIgniter\CodeIgniter->tryToRouteIt(Object(CodeIgniter\Router\RouteCollection))
 5 SYSTEMPATH\CodeIgniter.php(340): CodeIgniter\CodeIgniter->handleRequest(null, Object(Config\Cache), false)
 6 FCPATH\index.php(67): CodeIgniter\CodeIgniter->run()
CRITICAL - 2025-05-14 13:53:22 --> syntax error, unexpected token "public", expecting end of file
in APPPATH\Controllers\Sekolah.php on line 335.
 1 SYSTEMPATH\Router\Router.php(499): CodeIgniter\Router\AutoRouter->getRoute('Sekolah/Jenjang/1')
 2 SYSTEMPATH\Router\Router.php(205): CodeIgniter\Router\Router->autoRoute('Sekolah/Jenjang/1')
 3 SYSTEMPATH\CodeIgniter.php(777): CodeIgniter\Router\Router->handle('Sekolah/Jenjang/1')
 4 SYSTEMPATH\CodeIgniter.php(406): CodeIgniter\CodeIgniter->tryToRouteIt(Object(CodeIgniter\Router\RouteCollection))
 5 SYSTEMPATH\CodeIgniter.php(340): CodeIgniter\CodeIgniter->handleRequest(null, Object(Config\Cache), false)
 6 FCPATH\index.php(67): CodeIgniter\CodeIgniter->run()
CRITICAL - 2025-05-14 13:53:36 --> syntax error, unexpected token "public", expecting end of file
in APPPATH\Controllers\Sekolah.php on line 335.
 1 SYSTEMPATH\Router\Router.php(499): CodeIgniter\Router\AutoRouter->getRoute('Sekolah')
 2 SYSTEMPATH\Router\Router.php(205): CodeIgniter\Router\Router->autoRoute('Sekolah')
 3 SYSTEMPATH\CodeIgniter.php(777): CodeIgniter\Router\Router->handle('Sekolah')
 4 SYSTEMPATH\CodeIgniter.php(406): CodeIgniter\CodeIgniter->tryToRouteIt(Object(CodeIgniter\Router\RouteCollection))
 5 SYSTEMPATH\CodeIgniter.php(340): CodeIgniter\CodeIgniter->handleRequest(null, Object(Config\Cache), false)
 6 FCPATH\index.php(67): CodeIgniter\CodeIgniter->run()
CRITICAL - 2025-05-14 13:54:36 --> syntax error, unexpected token "public", expecting end of file
in APPPATH\Controllers\Sekolah.php on line 335.
 1 SYSTEMPATH\Router\Router.php(499): CodeIgniter\Router\AutoRouter->getRoute('Sekolah/Jenjang/1')
 2 SYSTEMPATH\Router\Router.php(205): CodeIgniter\Router\Router->autoRoute('Sekolah/Jenjang/1')
 3 SYSTEMPATH\CodeIgniter.php(777): CodeIgniter\Router\Router->handle('Sekolah/Jenjang/1')
 4 SYSTEMPATH\CodeIgniter.php(406): CodeIgniter\CodeIgniter->tryToRouteIt(Object(CodeIgniter\Router\RouteCollection))
 5 SYSTEMPATH\CodeIgniter.php(340): CodeIgniter\CodeIgniter->handleRequest(null, Object(Config\Cache), false)
 6 FCPATH\index.php(67): CodeIgniter\CodeIgniter->run()
CRITICAL - 2025-05-14 13:54:39 --> syntax error, unexpected token "public", expecting end of file
in APPPATH\Controllers\Sekolah.php on line 335.
 1 SYSTEMPATH\Router\Router.php(499): CodeIgniter\Router\AutoRouter->getRoute('Sekolah')
 2 SYSTEMPATH\Router\Router.php(205): CodeIgniter\Router\Router->autoRoute('Sekolah')
 3 SYSTEMPATH\CodeIgniter.php(777): CodeIgniter\Router\Router->handle('Sekolah')
 4 SYSTEMPATH\CodeIgniter.php(406): CodeIgniter\CodeIgniter->tryToRouteIt(Object(CodeIgniter\Router\RouteCollection))
 5 SYSTEMPATH\CodeIgniter.php(340): CodeIgniter\CodeIgniter->handleRequest(null, Object(Config\Cache), false)
 6 FCPATH\index.php(67): CodeIgniter\CodeIgniter->run()
CRITICAL - 2025-05-14 13:54:45 --> syntax error, unexpected token "public", expecting end of file
in APPPATH\Controllers\Sekolah.php on line 335.
 1 SYSTEMPATH\Router\Router.php(499): CodeIgniter\Router\AutoRouter->getRoute('Sekolah')
 2 SYSTEMPATH\Router\Router.php(205): CodeIgniter\Router\Router->autoRoute('Sekolah')
 3 SYSTEMPATH\CodeIgniter.php(777): CodeIgniter\Router\Router->handle('Sekolah')
 4 SYSTEMPATH\CodeIgniter.php(406): CodeIgniter\CodeIgniter->tryToRouteIt(Object(CodeIgniter\Router\RouteCollection))
 5 SYSTEMPATH\CodeIgniter.php(340): CodeIgniter\CodeIgniter->handleRequest(null, Object(Config\Cache), false)
 6 FCPATH\index.php(67): CodeIgniter\CodeIgniter->run()
CRITICAL - 2025-05-14 13:54:47 --> syntax error, unexpected token "public", expecting end of file
in APPPATH\Controllers\Sekolah.php on line 335.
 1 SYSTEMPATH\Router\Router.php(499): CodeIgniter\Router\AutoRouter->getRoute('Sekolah/Jenjang/2')
 2 SYSTEMPATH\Router\Router.php(205): CodeIgniter\Router\Router->autoRoute('Sekolah/Jenjang/2')
 3 SYSTEMPATH\CodeIgniter.php(777): CodeIgniter\Router\Router->handle('Sekolah/Jenjang/2')
 4 SYSTEMPATH\CodeIgniter.php(406): CodeIgniter\CodeIgniter->tryToRouteIt(Object(CodeIgniter\Router\RouteCollection))
 5 SYSTEMPATH\CodeIgniter.php(340): CodeIgniter\CodeIgniter->handleRequest(null, Object(Config\Cache), false)
 6 FCPATH\index.php(67): CodeIgniter\CodeIgniter->run()
CRITICAL - 2025-05-14 13:54:49 --> syntax error, unexpected token "public", expecting end of file
in APPPATH\Controllers\Sekolah.php on line 335.
 1 SYSTEMPATH\Router\Router.php(499): CodeIgniter\Router\AutoRouter->getRoute('Sekolah/Jenjang/3')
 2 SYSTEMPATH\Router\Router.php(205): CodeIgniter\Router\Router->autoRoute('Sekolah/Jenjang/3')
 3 SYSTEMPATH\CodeIgniter.php(777): CodeIgniter\Router\Router->handle('Sekolah/Jenjang/3')
 4 SYSTEMPATH\CodeIgniter.php(406): CodeIgniter\CodeIgniter->tryToRouteIt(Object(CodeIgniter\Router\RouteCollection))
 5 SYSTEMPATH\CodeIgniter.php(340): CodeIgniter\CodeIgniter->handleRequest(null, Object(Config\Cache), false)
 6 FCPATH\index.php(67): CodeIgniter\CodeIgniter->run()
CRITICAL - 2025-05-14 13:54:52 --> syntax error, unexpected token "public", expecting end of file
in APPPATH\Controllers\Sekolah.php on line 335.
 1 SYSTEMPATH\Router\Router.php(499): CodeIgniter\Router\AutoRouter->getRoute('Sekolah')
 2 SYSTEMPATH\Router\Router.php(205): CodeIgniter\Router\Router->autoRoute('Sekolah')
 3 SYSTEMPATH\CodeIgniter.php(777): CodeIgniter\Router\Router->handle('Sekolah')
 4 SYSTEMPATH\CodeIgniter.php(406): CodeIgniter\CodeIgniter->tryToRouteIt(Object(CodeIgniter\Router\RouteCollection))
 5 SYSTEMPATH\CodeIgniter.php(340): CodeIgniter\CodeIgniter->handleRequest(null, Object(Config\Cache), false)
 6 FCPATH\index.php(67): CodeIgniter\CodeIgniter->run()
CRITICAL - 2025-05-14 13:55:32 --> syntax error, unexpected token "public", expecting end of file
in APPPATH\Controllers\Sekolah.php on line 335.
 1 SYSTEMPATH\Router\Router.php(499): CodeIgniter\Router\AutoRouter->getRoute('Sekolah')
 2 SYSTEMPATH\Router\Router.php(205): CodeIgniter\Router\Router->autoRoute('Sekolah')
 3 SYSTEMPATH\CodeIgniter.php(777): CodeIgniter\Router\Router->handle('Sekolah')
 4 SYSTEMPATH\CodeIgniter.php(406): CodeIgniter\CodeIgniter->tryToRouteIt(Object(CodeIgniter\Router\RouteCollection))
 5 SYSTEMPATH\CodeIgniter.php(340): CodeIgniter\CodeIgniter->handleRequest(null, Object(Config\Cache), false)
 6 FCPATH\index.php(67): CodeIgniter\CodeIgniter->run()
CRITICAL - 2025-05-14 13:55:48 --> syntax error, unexpected token "public", expecting end of file
in APPPATH\Controllers\Sekolah.php on line 335.
 1 SYSTEMPATH\Router\Router.php(499): CodeIgniter\Router\AutoRouter->getRoute('Sekolah/Jenjang/1')
 2 SYSTEMPATH\Router\Router.php(205): CodeIgniter\Router\Router->autoRoute('Sekolah/Jenjang/1')
 3 SYSTEMPATH\CodeIgniter.php(777): CodeIgniter\Router\Router->handle('Sekolah/Jenjang/1')
 4 SYSTEMPATH\CodeIgniter.php(406): CodeIgniter\CodeIgniter->tryToRouteIt(Object(CodeIgniter\Router\RouteCollection))
 5 SYSTEMPATH\CodeIgniter.php(340): CodeIgniter\CodeIgniter->handleRequest(null, Object(Config\Cache), false)
 6 FCPATH\index.php(67): CodeIgniter\CodeIgniter->run()
CRITICAL - 2025-05-14 14:05:26 --> Undefined variable $sekolah
in APPPATH\Controllers\User.php on line 141.
 1 APPPATH\Controllers\User.php(141): CodeIgniter\Debug\Exceptions->errorHandler(2, 'Undefined variable $sekolah', 'APPPATH\\Controllers\\User.php', 141)
 2 SYSTEMPATH\CodeIgniter.php(902): App\Controllers\User->UpdateData('1')
 3 SYSTEMPATH\CodeIgniter.php(457): CodeIgniter\CodeIgniter->runController(Object(App\Controllers\User))
 4 SYSTEMPATH\CodeIgniter.php(340): CodeIgniter\CodeIgniter->handleRequest(null, Object(Config\Cache), false)
 5 FCPATH\index.php(67): CodeIgniter\CodeIgniter->run()
CRITICAL - 2025-05-14 14:05:36 --> Undefined variable $sekolah
in APPPATH\Controllers\User.php on line 141.
 1 APPPATH\Controllers\User.php(141): CodeIgniter\Debug\Exceptions->errorHandler(2, 'Undefined variable $sekolah', 'APPPATH\\Controllers\\User.php', 141)
 2 SYSTEMPATH\CodeIgniter.php(902): App\Controllers\User->UpdateData('1')
 3 SYSTEMPATH\CodeIgniter.php(457): CodeIgniter\CodeIgniter->runController(Object(App\Controllers\User))
 4 SYSTEMPATH\CodeIgniter.php(340): CodeIgniter\CodeIgniter->handleRequest(null, Object(Config\Cache), false)
 5 FCPATH\index.php(67): CodeIgniter\CodeIgniter->run()
CRITICAL - 2025-05-14 14:07:23 --> Undefined variable $sekolah
in APPPATH\Controllers\User.php on line 92.
 1 APPPATH\Controllers\User.php(92): CodeIgniter\Debug\Exceptions->errorHandler(2, 'Undefined variable $sekolah', 'APPPATH\\Controllers\\User.php', 92)
 2 SYSTEMPATH\CodeIgniter.php(902): App\Controllers\User->Edit('2')
 3 SYSTEMPATH\CodeIgniter.php(457): CodeIgniter\CodeIgniter->runController(Object(App\Controllers\User))
 4 SYSTEMPATH\CodeIgniter.php(340): CodeIgniter\CodeIgniter->handleRequest(null, Object(Config\Cache), false)
 5 FCPATH\index.php(67): CodeIgniter\CodeIgniter->run()
CRITICAL - 2025-05-14 14:07:26 --> Undefined variable $sekolah
in APPPATH\Controllers\User.php on line 92.
 1 APPPATH\Controllers\User.php(92): CodeIgniter\Debug\Exceptions->errorHandler(2, 'Undefined variable $sekolah', 'APPPATH\\Controllers\\User.php', 92)
 2 SYSTEMPATH\CodeIgniter.php(902): App\Controllers\User->Edit('2')
 3 SYSTEMPATH\CodeIgniter.php(457): CodeIgniter\CodeIgniter->runController(Object(App\Controllers\User))
 4 SYSTEMPATH\CodeIgniter.php(340): CodeIgniter\CodeIgniter->handleRequest(null, Object(Config\Cache), false)
 5 FCPATH\index.php(67): CodeIgniter\CodeIgniter->run()
CRITICAL - 2025-05-14 14:07:29 --> Undefined variable $sekolah
in APPPATH\Controllers\User.php on line 92.
 1 APPPATH\Controllers\User.php(92): CodeIgniter\Debug\Exceptions->errorHandler(2, 'Undefined variable $sekolah', 'APPPATH\\Controllers\\User.php', 92)
 2 SYSTEMPATH\CodeIgniter.php(902): App\Controllers\User->Edit('2')
 3 SYSTEMPATH\CodeIgniter.php(457): CodeIgniter\CodeIgniter->runController(Object(App\Controllers\User))
 4 SYSTEMPATH\CodeIgniter.php(340): CodeIgniter\CodeIgniter->handleRequest(null, Object(Config\Cache), false)
 5 FCPATH\index.php(67): CodeIgniter\CodeIgniter->run()
CRITICAL - 2025-05-14 14:08:47 --> unlink(foto/monero.jpg): No such file or directory
in APPPATH\Controllers\User.php on line 94.
 1 [internal function]: CodeIgniter\Debug\Exceptions->errorHandler(2, 'unlink(foto/monero.jpg): No such file or directory', 'APPPATH\\Controllers\\User.php', 94)
 2 APPPATH\Controllers\User.php(94): unlink('foto/monero.jpg')
 3 SYSTEMPATH\CodeIgniter.php(902): App\Controllers\User->Edit('2')
 4 SYSTEMPATH\CodeIgniter.php(457): CodeIgniter\CodeIgniter->runController(Object(App\Controllers\User))
 5 SYSTEMPATH\CodeIgniter.php(340): CodeIgniter\CodeIgniter->handleRequest(null, Object(Config\Cache), false)
 6 FCPATH\index.php(67): CodeIgniter\CodeIgniter->run()
CRITICAL - 2025-05-14 14:08:50 --> unlink(foto/monero.jpg): No such file or directory
in APPPATH\Controllers\User.php on line 94.
 1 [internal function]: CodeIgniter\Debug\Exceptions->errorHandler(2, 'unlink(foto/monero.jpg): No such file or directory', 'APPPATH\\Controllers\\User.php', 94)
 2 APPPATH\Controllers\User.php(94): unlink('foto/monero.jpg')
 3 SYSTEMPATH\CodeIgniter.php(902): App\Controllers\User->Edit('2')
 4 SYSTEMPATH\CodeIgniter.php(457): CodeIgniter\CodeIgniter->runController(Object(App\Controllers\User))
 5 SYSTEMPATH\CodeIgniter.php(340): CodeIgniter\CodeIgniter->handleRequest(null, Object(Config\Cache), false)
 6 FCPATH\index.php(67): CodeIgniter\CodeIgniter->run()
CRITICAL - 2025-05-14 14:10:55 --> Undefined variable $sekolah
in APPPATH\Controllers\User.php on line 140.
 1 APPPATH\Controllers\User.php(140): CodeIgniter\Debug\Exceptions->errorHandler(2, 'Undefined variable $sekolah', 'APPPATH\\Controllers\\User.php', 140)
 2 SYSTEMPATH\CodeIgniter.php(902): App\Controllers\User->UpdateData('2')
 3 SYSTEMPATH\CodeIgniter.php(457): CodeIgniter\CodeIgniter->runController(Object(App\Controllers\User))
 4 SYSTEMPATH\CodeIgniter.php(340): CodeIgniter\CodeIgniter->handleRequest(null, Object(Config\Cache), false)
 5 FCPATH\index.php(67): CodeIgniter\CodeIgniter->run()
CRITICAL - 2025-05-14 21:33:45 --> Undefined array key "id_sekolah"
in APPPATH\Views\v_dashboard.php on line 57.
 1 APPPATH\Views\v_dashboard.php(57): CodeIgniter\Debug\Exceptions->errorHandler(2, 'Undefined array key "id_sekolah"', 'APPPATH\\Views\\v_dashboard.php', 57)
 2 SYSTEMPATH\View\View.php(213): include('APPPATH\\Views\\v_dashboard.php')
 3 SYSTEMPATH\View\View.php(216): CodeIgniter\View\View->CodeIgniter\View\{closure}()
 4 SYSTEMPATH\Common.php(1142): CodeIgniter\View\View->render('v_dashboard', [], true)
 5 APPPATH\Views\v_template_back_end.php(217): view('v_dashboard')
 6 SYSTEMPATH\View\View.php(213): include('APPPATH\\Views\\v_template_back_end.php')
 7 SYSTEMPATH\View\View.php(216): CodeIgniter\View\View->CodeIgniter\View\{closure}()
 8 SYSTEMPATH\Common.php(1142): CodeIgniter\View\View->render('v_template_back_end', [], true)
 9 APPPATH\Controllers\Admin.php(29): view('v_template_back_end', [...])
10 SYSTEMPATH\CodeIgniter.php(902): App\Controllers\Admin->index()
11 SYSTEMPATH\CodeIgniter.php(457): CodeIgniter\CodeIgniter->runController(Object(App\Controllers\Admin))
12 SYSTEMPATH\CodeIgniter.php(340): CodeIgniter\CodeIgniter->handleRequest(null, Object(Config\Cache), false)
13 FCPATH\index.php(67): CodeIgniter\CodeIgniter->run()
