CRITICAL - 2025-04-16 23:03:16 --> Undefined variable $validation
in APPPATH\Views\user\v_input.php on line 15.
 1 APPPATH\Views\user\v_input.php(15): CodeIgniter\Debug\Exceptions->errorHandler(2, 'Undefined variable $validation', 'APPPATH\\Views\\user\\v_input.php', 15)
 2 SYSTEMPATH\View\View.php(213): include('APPPATH\\Views\\user\\v_input.php')
 3 SYSTEMPATH\View\View.php(216): CodeIgniter\View\View->CodeIgniter\View\{closure}()
 4 SYSTEMPATH\Common.php(1142): CodeIgniter\View\View->render('user/v_input', [], true)
 5 APPPATH\Views\v_template_back_end.php(219): view('user/v_input')
 6 SYSTEMPATH\View\View.php(213): include('APPPATH\\Views\\v_template_back_end.php')
 7 SYSTEMPATH\View\View.php(216): CodeIgniter\View\View->CodeIgniter\View\{closure}()
 8 SYSTEMPATH\Common.php(1142): CodeIgniter\View\View->render('v_template_back_end', [], true)
 9 APPPATH\Controllers\User.php(34): view('v_template_back_end', [...])
10 SYSTEMPATH\CodeIgniter.php(902): App\Controllers\User->Input()
11 SYSTEMPATH\CodeIgniter.php(457): CodeIgniter\CodeIgniter->runController(Object(App\Controllers\User))
12 SYSTEMPATH\CodeIgniter.php(340): CodeIgniter\CodeIgniter->handleRequest(null, Object(Config\Cache), false)
13 FCPATH\index.php(67): CodeIgniter\CodeIgniter->run()
CRITICAL - 2025-04-16 23:09:51 --> Call to undefined function from_close()
in APPPATH\Views\user\v_input.php on line 27.
 1 SYSTEMPATH\View\View.php(213): include()
 2 SYSTEMPATH\View\View.php(216): CodeIgniter\View\View->CodeIgniter\View\{closure}()
 3 SYSTEMPATH\Common.php(1142): CodeIgniter\View\View->render('user/v_input', [], true)
 4 APPPATH\Views\v_template_back_end.php(219): view('user/v_input')
 5 SYSTEMPATH\View\View.php(213): include('APPPATH\\Views\\v_template_back_end.php')
 6 SYSTEMPATH\View\View.php(216): CodeIgniter\View\View->CodeIgniter\View\{closure}()
 7 SYSTEMPATH\Common.php(1142): CodeIgniter\View\View->render('v_template_back_end', [], true)
 8 APPPATH\Controllers\User.php(34): view('v_template_back_end', [...])
 9 SYSTEMPATH\CodeIgniter.php(902): App\Controllers\User->Input()
10 SYSTEMPATH\CodeIgniter.php(457): CodeIgniter\CodeIgniter->runController(Object(App\Controllers\User))
11 SYSTEMPATH\CodeIgniter.php(340): CodeIgniter\CodeIgniter->handleRequest(null, Object(Config\Cache), false)
12 FCPATH\index.php(67): CodeIgniter\CodeIgniter->run()
CRITICAL - 2025-04-16 23:10:41 --> Call to undefined function from_close()
in APPPATH\Views\user\v_input.php on line 27.
 1 SYSTEMPATH\View\View.php(213): include()
 2 SYSTEMPATH\View\View.php(216): CodeIgniter\View\View->CodeIgniter\View\{closure}()
 3 SYSTEMPATH\Common.php(1142): CodeIgniter\View\View->render('user/v_input', [], true)
 4 APPPATH\Views\v_template_back_end.php(219): view('user/v_input')
 5 SYSTEMPATH\View\View.php(213): include('APPPATH\\Views\\v_template_back_end.php')
 6 SYSTEMPATH\View\View.php(216): CodeIgniter\View\View->CodeIgniter\View\{closure}()
 7 SYSTEMPATH\Common.php(1142): CodeIgniter\View\View->render('v_template_back_end', [], true)
 8 APPPATH\Controllers\User.php(34): view('v_template_back_end', [...])
 9 SYSTEMPATH\CodeIgniter.php(902): App\Controllers\User->Input()
10 SYSTEMPATH\CodeIgniter.php(457): CodeIgniter\CodeIgniter->runController(Object(App\Controllers\User))
11 SYSTEMPATH\CodeIgniter.php(340): CodeIgniter\CodeIgniter->handleRequest(null, Object(Config\Cache), false)
12 FCPATH\index.php(67): CodeIgniter\CodeIgniter->run()
CRITICAL - 2025-04-16 23:11:21 --> Call to undefined function from_close()
in APPPATH\Views\user\v_input.php on line 27.
 1 SYSTEMPATH\View\View.php(213): include()
 2 SYSTEMPATH\View\View.php(216): CodeIgniter\View\View->CodeIgniter\View\{closure}()
 3 SYSTEMPATH\Common.php(1142): CodeIgniter\View\View->render('user/v_input', [], true)
 4 APPPATH\Views\v_template_back_end.php(219): view('user/v_input')
 5 SYSTEMPATH\View\View.php(213): include('APPPATH\\Views\\v_template_back_end.php')
 6 SYSTEMPATH\View\View.php(216): CodeIgniter\View\View->CodeIgniter\View\{closure}()
 7 SYSTEMPATH\Common.php(1142): CodeIgniter\View\View->render('v_template_back_end', [], true)
 8 APPPATH\Controllers\User.php(34): view('v_template_back_end', [...])
 9 SYSTEMPATH\CodeIgniter.php(902): App\Controllers\User->Input()
10 SYSTEMPATH\CodeIgniter.php(457): CodeIgniter\CodeIgniter->runController(Object(App\Controllers\User))
11 SYSTEMPATH\CodeIgniter.php(340): CodeIgniter\CodeIgniter->handleRequest(null, Object(Config\Cache), false)
12 FCPATH\index.php(67): CodeIgniter\CodeIgniter->run()
CRITICAL - 2025-04-16 23:13:20 --> Call to undefined function from_close()
in APPPATH\Views\user\v_input.php on line 27.
 1 SYSTEMPATH\View\View.php(213): include()
 2 SYSTEMPATH\View\View.php(216): CodeIgniter\View\View->CodeIgniter\View\{closure}()
 3 SYSTEMPATH\Common.php(1142): CodeIgniter\View\View->render('user/v_input', [], true)
 4 APPPATH\Views\v_template_back_end.php(219): view('user/v_input')
 5 SYSTEMPATH\View\View.php(213): include('APPPATH\\Views\\v_template_back_end.php')
 6 SYSTEMPATH\View\View.php(216): CodeIgniter\View\View->CodeIgniter\View\{closure}()
 7 SYSTEMPATH\Common.php(1142): CodeIgniter\View\View->render('v_template_back_end', [], true)
 8 APPPATH\Controllers\User.php(34): view('v_template_back_end', [...])
 9 SYSTEMPATH\CodeIgniter.php(902): App\Controllers\User->Input()
10 SYSTEMPATH\CodeIgniter.php(457): CodeIgniter\CodeIgniter->runController(Object(App\Controllers\User))
11 SYSTEMPATH\CodeIgniter.php(340): CodeIgniter\CodeIgniter->handleRequest(null, Object(Config\Cache), false)
12 FCPATH\index.php(67): CodeIgniter\CodeIgniter->run()
