CRITICAL - 2025-04-20 22:50:19 --> Undefined variable $Jenjang
in APPPATH\Views\v_template_front_end.php on line 60.
 1 APPPATH\Views\v_template_front_end.php(60): CodeIgniter\Debug\Exceptions->errorHandler(2, 'Undefined variable $Jenjang', 'APPPATH\\Views\\v_template_front_end.php', 60)
 2 SYSTEMPATH\View\View.php(213): include('APPPATH\\Views\\v_template_front_end.php')
 3 SYSTEMPATH\View\View.php(216): CodeIgniter\View\View->CodeIgniter\View\{closure}()
 4 SYSTEMPATH\Common.php(1142): CodeIgniter\View\View->render('v_template_front_end', [], true)
 5 APPPATH\Controllers\Home.php(27): view('v_template_front_end', [...])
 6 SYSTEMPATH\CodeIgniter.php(902): App\Controllers\Home->index()
 7 SYSTEMPATH\CodeIgniter.php(457): CodeIgniter\CodeIgniter->runController(Object(App\Controllers\Home))
 8 SYSTEMPATH\CodeIgniter.php(340): CodeIgniter\CodeIgniter->handleRequest(null, Object(Config\Cache), false)
 9 FCPATH\index.php(67): CodeIgniter\CodeIgniter->run()
CRITICAL - 2025-04-20 22:50:28 --> Undefined variable $jenjang
in APPPATH\Views\v_template_front_end.php on line 60.
 1 APPPATH\Views\v_template_front_end.php(60): CodeIgniter\Debug\Exceptions->errorHandler(2, 'Undefined variable $jenjang', 'APPPATH\\Views\\v_template_front_end.php', 60)
 2 SYSTEMPATH\View\View.php(213): include('APPPATH\\Views\\v_template_front_end.php')
 3 SYSTEMPATH\View\View.php(216): CodeIgniter\View\View->CodeIgniter\View\{closure}()
 4 SYSTEMPATH\Common.php(1142): CodeIgniter\View\View->render('v_template_front_end', [], true)
 5 APPPATH\Controllers\Home.php(27): view('v_template_front_end', [...])
 6 SYSTEMPATH\CodeIgniter.php(902): App\Controllers\Home->index()
 7 SYSTEMPATH\CodeIgniter.php(457): CodeIgniter\CodeIgniter->runController(Object(App\Controllers\Home))
 8 SYSTEMPATH\CodeIgniter.php(340): CodeIgniter\CodeIgniter->handleRequest(null, Object(Config\Cache), false)
 9 FCPATH\index.php(67): CodeIgniter\CodeIgniter->run()
CRITICAL - 2025-04-20 22:52:02 --> Undefined property: App\Controllers\Home::$ModelJenjang
in APPPATH\Controllers\Home.php on line 27.
 1 APPPATH\Controllers\Home.php(27): CodeIgniter\Debug\Exceptions->errorHandler(2, 'Undefined property: App\\Controllers\\Home::$ModelJenjang', 'APPPATH\\Controllers\\Home.php', 27)
 2 SYSTEMPATH\CodeIgniter.php(902): App\Controllers\Home->index()
 3 SYSTEMPATH\CodeIgniter.php(457): CodeIgniter\CodeIgniter->runController(Object(App\Controllers\Home))
 4 SYSTEMPATH\CodeIgniter.php(340): CodeIgniter\CodeIgniter->handleRequest(null, Object(Config\Cache), false)
 5 FCPATH\index.php(67): CodeIgniter\CodeIgniter->run()
CRITICAL - 2025-04-20 23:19:39 --> You must set the database table to be used with your query.
in SYSTEMPATH\Database\BaseConnection.php on line 872.
 1 SYSTEMPATH\Model.php(587): CodeIgniter\Database\BaseConnection->table(null)
 2 SYSTEMPATH\Model.php(764): CodeIgniter\Model->builder()
 3 APPPATH\Controllers\Home.php(42): CodeIgniter\Model->__call('AllDataPerWilayah', [...])
 4 SYSTEMPATH\CodeIgniter.php(902): App\Controllers\Home->Wilayah('4')
 5 SYSTEMPATH\CodeIgniter.php(457): CodeIgniter\CodeIgniter->runController(Object(App\Controllers\Home))
 6 SYSTEMPATH\CodeIgniter.php(340): CodeIgniter\CodeIgniter->handleRequest(null, Object(Config\Cache), false)
 7 FCPATH\index.php(67): CodeIgniter\CodeIgniter->run()
CRITICAL - 2025-04-20 23:20:01 --> Creation of dynamic property App\Controllers\Home::$ModelSetting is deprecated
in APPPATH\Controllers\Home.php on line 14.
 1 APPPATH\Controllers\Home.php(14): CodeIgniter\Debug\Exceptions->errorHandler(8192, 'Creation of dynamic property App\\Controllers\\Home::$ModelSetting is deprecated', 'APPPATH\\Controllers\\Home.php', 14)
 2 SYSTEMPATH\CodeIgniter.php(864): App\Controllers\Home->__construct()
 3 SYSTEMPATH\CodeIgniter.php(448): CodeIgniter\CodeIgniter->createController()
 4 SYSTEMPATH\CodeIgniter.php(340): CodeIgniter\CodeIgniter->handleRequest(null, Object(Config\Cache), false)
 5 FCPATH\index.php(67): CodeIgniter\CodeIgniter->run()
